-------------------------------------------------------------------------------
Test set: com.webapp.ecommerce_spring_boot.CheckoutServiceImplTest
-------------------------------------------------------------------------------
Tests run: 2, Failures: 1, Errors: 1, Skipped: 0, Time elapsed: 1.087 s <<< FAILURE! -- in com.webapp.ecommerce_spring_boot.CheckoutServiceImplTest
com.webapp.ecommerce_spring_boot.CheckoutServiceImplTest.placeOrder_shouldThrowExceptionWhenUserNotFound -- Time elapsed: 1.048 s <<< FAILURE!
org.opentest4j.AssertionFailedError: expected: <User not found!> but was: <Cannot invoke "com.webapp.ecommerce_spring_boot.dao.CustomerRepository.save(Object)" because "this.customerRepository" is null>
	at org.junit.jupiter.api.AssertionFailureBuilder.build(AssertionFailureBuilder.java:151)
	at org.junit.jupiter.api.AssertionFailureBuilder.buildAndThrow(AssertionFailureBuilder.java:132)
	at org.junit.jupiter.api.AssertEquals.failNotEqual(AssertEquals.java:197)
	at org.junit.jupiter.api.AssertEquals.assertEquals(AssertEquals.java:182)
	at org.junit.jupiter.api.AssertEquals.assertEquals(AssertEquals.java:177)
	at org.junit.jupiter.api.Assertions.assertEquals(Assertions.java:1145)
	at com.webapp.ecommerce_spring_boot.CheckoutServiceImplTest.placeOrder_shouldThrowExceptionWhenUserNotFound(CheckoutServiceImplTest.java:104)
	at java.base/java.lang.reflect.Method.invoke(Method.java:568)
	at java.base/java.util.ArrayList.forEach(ArrayList.java:1511)
	at java.base/java.util.ArrayList.forEach(ArrayList.java:1511)

com.webapp.ecommerce_spring_boot.CheckoutServiceImplTest.placeOrder_shouldReturnValidTrackingNumber -- Time elapsed: 0.009 s <<< ERROR!
java.lang.NullPointerException: Cannot invoke "com.webapp.ecommerce_spring_boot.dao.CustomerRepository.save(Object)" because "this.customerRepository" is null
	at com.webapp.ecommerce_spring_boot.service.CheckoutServiceImpl.placeOrder(CheckoutServiceImpl.java:74)
	at com.webapp.ecommerce_spring_boot.CheckoutServiceImplTest.placeOrder_shouldReturnValidTrackingNumber(CheckoutServiceImplTest.java:84)
	at java.base/java.lang.reflect.Method.invoke(Method.java:568)
	at java.base/java.util.ArrayList.forEach(ArrayList.java:1511)
	at java.base/java.util.ArrayList.forEach(ArrayList.java:1511)

