<?xml version="1.0" encoding="UTF-8"?>
<testsuite xmlns:xsi="http://www.w3.org/2001/XMLSchema-instance" xsi:noNamespaceSchemaLocation="https://maven.apache.org/surefire/maven-surefire-plugin/xsd/surefire-test-report-3.0.xsd" version="3.0" name="com.webapp.ecommerce_spring_boot.EcommerceSpringBootApplicationTests" time="6.043" tests="1" errors="0" skipped="0" failures="0">
  <properties>
[...]
</properties>
  <testcase name="contextLoads" classname="com.webapp.ecommerce_spring_boot.EcommerceSpringBootApplicationTests" time="0.571">
    <system-out><![CDATA[10:30:24.685 [main] INFO org.springframework.test.context.support.AnnotationConfigContextLoaderUtils -- Could not detect default configuration classes for test class [com.webapp.ecommerce_spring_boot.EcommerceSpringBootApplicationTests]: EcommerceSpringBootApplicationTests does not declare any static, non-private, non-final, nested classes annotated with @Configuration.
10:30:24.776 [main] INFO org.springframework.boot.test.context.SpringBootTestContextBootstrapper -- Found @SpringBootConfiguration com.webapp.ecommerce_spring_boot.EcommerceSpringBootApplication for test class com.webapp.ecommerce_spring_boot.EcommerceSpringBootApplicationTests

  .   ____          _            __ _ _
 /\\ / ___'_ __ _ _(_)_ __  __ _ \ \ \ \
( ( )\___ | '_ | '_| | '_ \/ _` | \ \ \ \
 \\/  ___)| |_)| | | | | || (_| |  ) ) ) )
  '  |____| .__|_| |_|_| |_\__, | / / / /
 =========|_|==============|___/=/_/_/_/
 :: Spring Boot ::                (v3.2.2)

2025-02-05T10:30:25.124-06:00  INFO 3383 --- [           main] .w.e.EcommerceSpringBootApplicationTests : Starting EcommerceSpringBootApplicationTests using Java 17.0.11 with PID 3383 (started by myfolder in /Users/myfolder/web_app/backend/ecommerce-spring-boot)
2025-02-05T10:30:25.126-06:00  INFO 3383 --- [           main] .w.e.EcommerceSpringBootApplicationTests : No active profile set, falling back to 1 default profile: "default"
2025-02-05T10:30:25.126-06:00 DEBUG 3383 --- [           main] o.s.boot.SpringApplication               : Loading source class com.webapp.ecommerce_spring_boot.EcommerceSpringBootApplication
2025-02-05T10:30:25.151-06:00 DEBUG 3383 --- [           main] o.s.w.c.s.GenericWebApplicationContext   : Refreshing org.springframework.web.context.support.GenericWebApplicationContext@2755d705
2025-02-05T10:30:25.172-06:00 DEBUG 3383 --- [           main] o.s.b.f.s.DefaultListableBeanFactory     : Creating shared instance of singleton bean 'org.springframework.context.annotation.internalConfigurationAnnotationProcessor'
2025-02-05T10:30:25.185-06:00 DEBUG 3383 --- [           main] o.s.b.f.s.DefaultListableBeanFactory     : Creating shared instance of singleton bean 'org.springframework.boot.autoconfigure.internalCachingMetadataReaderFactory'
2025-02-05T10:30:25.219-06:00 DEBUG 3383 --- [           main] o.s.c.a.ClassPathBeanDefinitionScanner   : Identified candidate component class: file [/Users/myfolder/web_app/backend/ecommerce-spring-boot/target/classes/com/webapp/ecommerce_spring_boot/config/CorsConfig.class]
2025-02-05T10:30:25.220-06:00 DEBUG 3383 --- [           main] o.s.c.a.ClassPathBeanDefinitionScanner   : Identified candidate component class: file [/Users/myfolder/web_app/backend/ecommerce-spring-boot/target/classes/com/webapp/ecommerce_spring_boot/config/MyDataRestConfig.class]
2025-02-05T10:30:25.226-06:00 DEBUG 3383 --- [           main] o.s.c.a.ClassPathBeanDefinitionScanner   : Identified candidate component class: file [/Users/myfolder/web_app/backend/ecommerce-spring-boot/target/classes/com/webapp/ecommerce_spring_boot/config/SecurityConfig.class]
2025-02-05T10:30:25.237-06:00 DEBUG 3383 --- [           main] o.s.c.a.ClassPathBeanDefinitionScanner   : Identified candidate component class: file [/Users/myfolder/web_app/backend/ecommerce-spring-boot/target/classes/com/webapp/ecommerce_spring_boot/controller/AuthController.class]
2025-02-05T10:30:25.239-06:00 DEBUG 3383 --- [           main] o.s.c.a.ClassPathBeanDefinitionScanner   : Identified candidate component class: file [/Users/myfolder/web_app/backend/ecommerce-spring-boot/target/classes/com/webapp/ecommerce_spring_boot/controller/CheckoutController.class]
2025-02-05T10:30:25.241-06:00 DEBUG 3383 --- [           main] o.s.c.a.ClassPathBeanDefinitionScanner   : Identified candidate component class: file [/Users/myfolder/web_app/backend/ecommerce-spring-boot/target/classes/com/webapp/ecommerce_spring_boot/controller/OrderController.class]
2025-02-05T10:30:25.242-06:00 DEBUG 3383 --- [           main] o.s.c.a.ClassPathBeanDefinitionScanner   : Identified candidate component class: file [/Users/myfolder/web_app/backend/ecommerce-spring-boot/target/classes/com/webapp/ecommerce_spring_boot/controller/ProductController.class]
2025-02-05T10:30:25.254-06:00 DEBUG 3383 --- [           main] o.s.c.a.ClassPathBeanDefinitionScanner   : Identified candidate component class: file [/Users/myfolder/web_app/backend/ecommerce-spring-boot/target/classes/com/webapp/ecommerce_spring_boot/security/JwtUtil.class]
2025-02-05T10:30:25.255-06:00 DEBUG 3383 --- [           main] o.s.c.a.ClassPathBeanDefinitionScanner   : Identified candidate component class: file [/Users/myfolder/web_app/backend/ecommerce-spring-boot/target/classes/com/webapp/ecommerce_spring_boot/security/SecretKeyProvider.class]
2025-02-05T10:30:25.256-06:00 DEBUG 3383 --- [           main] o.s.c.a.ClassPathBeanDefinitionScanner   : Identified candidate component class: file [/Users/myfolder/web_app/backend/ecommerce-spring-boot/target/classes/com/webapp/ecommerce_spring_boot/service/AuthService.class]
2025-02-05T10:30:25.258-06:00 DEBUG 3383 --- [           main] o.s.c.a.ClassPathBeanDefinitionScanner   : Identified candidate component class: file [/Users/myfolder/web_app/backend/ecommerce-spring-boot/target/classes/com/webapp/ecommerce_spring_boot/service/CheckoutServiceImpl.class]
2025-02-05T10:30:25.259-06:00 DEBUG 3383 --- [           main] o.s.c.a.ClassPathBeanDefinitionScanner   : Identified candidate component class: file [/Users/myfolder/web_app/backend/ecommerce-spring-boot/target/classes/com/webapp/ecommerce_spring_boot/service/OrderServiceImpl.class]
2025-02-05T10:30:25.807-06:00  INFO 3383 --- [           main] .s.d.r.c.RepositoryConfigurationDelegate : Bootstrapping Spring Data JPA repositories in DEFAULT mode.
2025-02-05T10:30:25.814-06:00 DEBUG 3383 --- [           main] o.s.b.f.s.DefaultListableBeanFactory     : Creating shared instance of singleton bean 'org.springframework.boot.autoconfigure.AutoConfigurationPackages'
2025-02-05T10:30:25.820-06:00 DEBUG 3383 --- [           main] o.s.b.a.AutoConfigurationPackages        : @EnableAutoConfiguration was declared on a class in the package 'com.webapp.ecommerce_spring_boot'. Automatic @Repository and @Entity scanning is enabled.
2025-02-05T10:30:25.821-06:00 DEBUG 3383 --- [           main] .s.d.r.c.RepositoryConfigurationDelegate : Scanning for JPA repositories in packages com.webapp.ecommerce_spring_boot.
2025-02-05T10:30:25.832-06:00 DEBUG 3383 --- [           main] o.s.d.r.c.RepositoryComponentProvider    : Identified candidate component class: file [/Users/myfolder/web_app/backend/ecommerce-spring-boot/target/classes/com/webapp/ecommerce_spring_boot/dao/CountryRepository.class]
2025-02-05T10:30:25.832-06:00 DEBUG 3383 --- [           main] o.s.d.r.c.RepositoryComponentProvider    : Identified candidate component class: file [/Users/myfolder/web_app/backend/ecommerce-spring-boot/target/classes/com/webapp/ecommerce_spring_boot/dao/CustomerRepository.class]
2025-02-05T10:30:25.832-06:00 DEBUG 3383 --- [           main] o.s.d.r.c.RepositoryComponentProvider    : Identified candidate component class: file [/Users/myfolder/web_app/backend/ecommerce-spring-boot/target/classes/com/webapp/ecommerce_spring_boot/dao/OrderRepository.class]
2025-02-05T10:30:25.832-06:00 DEBUG 3383 --- [           main] o.s.d.r.c.RepositoryComponentProvider    : Identified candidate component class: file [/Users/myfolder/web_app/backend/ecommerce-spring-boot/target/classes/com/webapp/ecommerce_spring_boot/dao/ProductCategoryRepository.class]
2025-02-05T10:30:25.832-06:00 DEBUG 3383 --- [           main] o.s.d.r.c.RepositoryComponentProvider    : Identified candidate component class: file [/Users/myfolder/web_app/backend/ecommerce-spring-boot/target/classes/com/webapp/ecommerce_spring_boot/dao/ProductRepository.class]
2025-02-05T10:30:25.832-06:00 DEBUG 3383 --- [           main] o.s.d.r.c.RepositoryComponentProvider    : Identified candidate component class: file [/Users/myfolder/web_app/backend/ecommerce-spring-boot/target/classes/com/webapp/ecommerce_spring_boot/dao/StateRepository.class]
2025-02-05T10:30:25.832-06:00 DEBUG 3383 --- [           main] o.s.d.r.c.RepositoryComponentProvider    : Identified candidate component class: file [/Users/myfolder/web_app/backend/ecommerce-spring-boot/target/classes/com/webapp/ecommerce_spring_boot/dao/UserRepository.class]
2025-02-05T10:30:25.864-06:00 DEBUG 3383 --- [           main] ssPathScanningCandidateComponentProvider : Identified candidate component class: file [/Users/myfolder/web_app/backend/ecommerce-spring-boot/target/classes/com/webapp/ecommerce_spring_boot/service/CheckoutServiceImpl.class]
2025-02-05T10:30:25.864-06:00 DEBUG 3383 --- [           main] ssPathScanningCandidateComponentProvider : Identified candidate component class: file [/Users/myfolder/web_app/backend/ecommerce-spring-boot/target/classes/com/webapp/ecommerce_spring_boot/service/OrderServiceImpl.class]
2025-02-05T10:30:25.885-06:00  INFO 3383 --- [           main] .s.d.r.c.RepositoryConfigurationDelegate : Finished Spring Data repository scanning in 62 ms. Found 7 JPA repository interfaces.
2025-02-05T10:30:26.041-06:00 DEBUG 3383 --- [           main] o.s.b.f.s.DefaultListableBeanFactory     : Creating shared instance of singleton bean 'springSecurityHandlerMappingIntrospectorBeanDefinitionRegistryPostProcessor'
2025-02-05T10:30:26.130-06:00 DEBUG 3383 --- [           main] o.s.b.f.s.DefaultListableBeanFactory     : Creating shared instance of singleton bean 'propertySourcesPlaceholderConfigurer'
2025-02-05T10:30:26.134-06:00 DEBUG 3383 --- [           main] o.s.b.f.s.DefaultListableBeanFactory     : Creating shared instance of singleton bean 'org.springframework.boot.test.mock.mockito.MockitoPostProcessor'
2025-02-05T10:30:26.135-06:00 DEBUG 3383 --- [           main] o.s.b.f.s.DefaultListableBeanFactory     : Creating shared instance of singleton bean 'emBeanDefinitionRegistrarPostProcessor'
2025-02-05T10:30:26.136-06:00 DEBUG 3383 --- [           main] o.s.b.f.s.DefaultListableBeanFactory     : Creating shared instance of singleton bean 'org.springframework.boot.sql.init.dependency.DatabaseInitializationDependencyConfigurer$DependsOnDatabaseInitializationPostProcessor'
2025-02-05T10:30:26.180-06:00 DEBUG 3383 --- [           main] o.s.b.f.s.DefaultListableBeanFactory     : Creating shared instance of singleton bean 'org.springframework.context.event.internalEventListenerProcessor'
2025-02-05T10:30:26.181-06:00 DEBUG 3383 --- [           main] o.s.b.f.s.DefaultListableBeanFactory     : Creating shared instance of singleton bean 'conversionServicePostProcessor'
2025-02-05T10:30:26.192-06:00 DEBUG 3383 --- [           main] o.s.b.f.s.DefaultListableBeanFactory     : Creating shared instance of singleton bean 'preserveErrorControllerTargetClassPostProcessor'
2025-02-05T10:30:26.192-06:00 DEBUG 3383 --- [           main] o.s.b.f.s.DefaultListableBeanFactory     : Creating shared instance of singleton bean 'org.springframework.context.event.internalEventListenerFactory'
2025-02-05T10:30:26.193-06:00 DEBUG 3383 --- [           main] o.s.b.f.s.DefaultListableBeanFactory     : Creating shared instance of singleton bean 'org.springframework.transaction.config.internalTransactionalEventListenerFactory'
2025-02-05T10:30:26.196-06:00 DEBUG 3383 --- [           main] o.s.b.f.s.DefaultListableBeanFactory     : Creating shared instance of singleton bean 'org.springframework.boot.test.mock.mockito.MockitoPostProcessor$SpyPostProcessor'
2025-02-05T10:30:26.197-06:00 DEBUG 3383 --- [           main] o.s.b.f.s.DefaultListableBeanFactory     : Creating shared instance of singleton bean 'org.springframework.context.annotation.internalAutowiredAnnotationProcessor'
2025-02-05T10:30:26.199-06:00 DEBUG 3383 --- [           main] o.s.b.f.s.DefaultListableBeanFactory     : Creating shared instance of singleton bean 'org.springframework.context.annotation.internalCommonAnnotationProcessor'
2025-02-05T10:30:26.201-06:00 DEBUG 3383 --- [           main] o.s.b.f.s.DefaultListableBeanFactory     : Creating shared instance of singleton bean 'org.springframework.context.annotation.internalPersistenceAnnotationProcessor'
2025-02-05T10:30:26.202-06:00 DEBUG 3383 --- [           main] o.s.b.f.s.DefaultListableBeanFactory     : Creating shared instance of singleton bean 'org.springframework.boot.context.properties.ConfigurationPropertiesBindingPostProcessor'
2025-02-05T10:30:26.202-06:00 DEBUG 3383 --- [           main] o.s.b.f.s.DefaultListableBeanFactory     : Creating shared instance of singleton bean 'org.springframework.boot.context.internalConfigurationPropertiesBinder'
2025-02-05T10:30:26.205-06:00 DEBUG 3383 --- [           main] o.s.b.f.s.DefaultListableBeanFactory     : Creating shared instance of singleton bean 'jdbcConnectionDetailsHikariBeanPostProcessor'
2025-02-05T10:30:26.207-06:00 DEBUG 3383 --- [           main] o.s.b.f.s.DefaultListableBeanFactory     : Creating shared instance of singleton bean 'org.springframework.aop.config.internalAutoProxyCreator'
2025-02-05T10:30:26.227-06:00 DEBUG 3383 --- [           main] o.s.b.f.s.DefaultListableBeanFactory     : Creating shared instance of singleton bean 'persistenceExceptionTranslationPostProcessor'
2025-02-05T10:30:26.239-06:00 DEBUG 3383 --- [           main] o.s.b.f.s.DefaultListableBeanFactory     : Autowiring by type from bean name 'persistenceExceptionTranslationPostProcessor' via factory method to bean named 'environment'
2025-02-05T10:30:26.242-06:00 DEBUG 3383 --- [           main] o.s.b.f.s.DefaultListableBeanFactory     : Creating shared instance of singleton bean 'webServerFactoryCustomizerBeanPostProcessor'
2025-02-05T10:30:26.243-06:00 DEBUG 3383 --- [           main] o.s.b.f.s.DefaultListableBeanFactory     : Creating shared instance of singleton bean 'errorPageRegistrarBeanPostProcessor'
2025-02-05T10:30:26.243-06:00 DEBUG 3383 --- [           main] o.s.b.f.s.DefaultListableBeanFactory     : Creating shared instance of singleton bean 'hypermediaRepresentionModelProcessorConfigurator'
2025-02-05T10:30:26.245-06:00 DEBUG 3383 --- [           main] o.s.b.f.s.DefaultListableBeanFactory     : Creating shared instance of singleton bean 'org.springframework.transaction.config.internalTransactionAdvisor'
2025-02-05T10:30:26.245-06:00 DEBUG 3383 --- [           main] o.s.b.f.s.DefaultListableBeanFactory     : Creating shared instance of singleton bean 'org.springframework.transaction.annotation.ProxyTransactionManagementConfiguration'
2025-02-05T10:30:26.254-06:00 DEBUG 3383 --- [           main] o.s.b.f.s.DefaultListableBeanFactory     : Creating shared instance of singleton bean 'transactionAttributeSource'
2025-02-05T10:30:26.255-06:00 DEBUG 3383 --- [           main] o.s.b.f.s.DefaultListableBeanFactory     : Creating shared instance of singleton bean 'transactionInterceptor'
2025-02-05T10:30:26.256-06:00 DEBUG 3383 --- [           main] o.s.b.f.s.DefaultListableBeanFactory     : Autowiring by type from bean name 'transactionInterceptor' via factory method to bean named 'transactionAttributeSource'
2025-02-05T10:30:26.260-06:00 DEBUG 3383 --- [           main] o.s.b.f.s.DefaultListableBeanFactory     : Autowiring by type from bean name 'org.springframework.transaction.config.internalTransactionAdvisor' via factory method to bean named 'transactionAttributeSource'
2025-02-05T10:30:26.261-06:00 DEBUG 3383 --- [           main] o.s.b.f.s.DefaultListableBeanFactory     : Autowiring by type from bean name 'org.springframework.transaction.config.internalTransactionAdvisor' via factory method to bean named 'transactionInterceptor'
2025-02-05T10:30:26.264-06:00 DEBUG 3383 --- [           main] o.s.b.f.s.DefaultListableBeanFactory     : Creating shared instance of singleton bean 'hypermediaRestTemplateBeanPostProcessor'
2025-02-05T10:30:26.265-06:00 DEBUG 3383 --- [           main] o.s.b.f.s.DefaultListableBeanFactory     : Creating shared instance of singleton bean 'projectionDefinitionRegistrar'
2025-02-05T10:30:26.265-06:00 DEBUG 3383 --- [           main] o.s.b.f.s.DefaultListableBeanFactory     : Creating shared instance of singleton bean 'annotatedEventHandlerInvoker'
2025-02-05T10:30:26.268-06:00 DEBUG 3383 --- [           main] o.s.u.c.s.UiApplicationContextUtils      : Unable to locate ThemeSource with name 'themeSource': using default [org.springframework.ui.context.support.ResourceBundleThemeSource@2b148329]
2025-02-05T10:30:26.270-06:00 DEBUG 3383 --- [           main] o.s.b.f.s.DefaultListableBeanFactory     : Creating shared instance of singleton bean 'dataSourceScriptDatabaseInitializer'
2025-02-05T10:30:26.270-06:00 DEBUG 3383 --- [           main] o.s.b.f.s.DefaultListableBeanFactory     : Creating shared instance of singleton bean 'org.springframework.boot.autoconfigure.sql.init.DataSourceInitializationConfiguration'
2025-02-05T10:30:26.274-06:00 DEBUG 3383 --- [           main] o.s.b.f.s.DefaultListableBeanFactory     : Creating shared instance of singleton bean 'dataSource'
2025-02-05T10:30:26.275-06:00 DEBUG 3383 --- [           main] o.s.b.f.s.DefaultListableBeanFactory     : Creating shared instance of singleton bean 'org.springframework.boot.autoconfigure.jdbc.DataSourceConfiguration$Hikari'
2025-02-05T10:30:26.276-06:00 DEBUG 3383 --- [           main] o.s.b.f.s.DefaultListableBeanFactory     : Creating shared instance of singleton bean 'spring.datasource-org.springframework.boot.autoconfigure.jdbc.DataSourceProperties'
2025-02-05T10:30:26.277-06:00 DEBUG 3383 --- [           main] o.s.b.f.s.DefaultListableBeanFactory     : Creating shared instance of singleton bean 'org.springframework.boot.context.properties.BoundConfigurationProperties'
2025-02-05T10:30:26.298-06:00 DEBUG 3383 --- [           main] o.s.b.f.s.DefaultListableBeanFactory     : Creating shared instance of singleton bean 'jdbcConnectionDetails'
2025-02-05T10:30:26.298-06:00 DEBUG 3383 --- [           main] o.s.b.f.s.DefaultListableBeanFactory     : Creating shared instance of singleton bean 'org.springframework.boot.autoconfigure.jdbc.DataSourceAutoConfiguration$PooledDataSourceConfiguration'
2025-02-05T10:30:26.300-06:00 DEBUG 3383 --- [           main] o.s.b.f.s.DefaultListableBeanFactory     : Autowiring by type from bean name 'jdbcConnectionDetails' via factory method to bean named 'spring.datasource-org.springframework.boot.autoconfigure.jdbc.DataSourceProperties'
2025-02-05T10:30:26.301-06:00 DEBUG 3383 --- [           main] o.s.b.f.s.DefaultListableBeanFactory     : Autowiring by type from bean name 'dataSource' via factory method to bean named 'spring.datasource-org.springframework.boot.autoconfigure.jdbc.DataSourceProperties'
2025-02-05T10:30:26.301-06:00 DEBUG 3383 --- [           main] o.s.b.f.s.DefaultListableBeanFactory     : Autowiring by type from bean name 'dataSource' via factory method to bean named 'jdbcConnectionDetails'
2025-02-05T10:30:26.330-06:00 DEBUG 3383 --- [           main] o.s.b.f.s.DefaultListableBeanFactory     : Creating shared instance of singleton bean 'spring.sql.init-org.springframework.boot.autoconfigure.sql.init.SqlInitializationProperties'
2025-02-05T10:30:26.334-06:00 DEBUG 3383 --- [           main] o.s.b.f.s.DefaultListableBeanFactory     : Autowiring by type from bean name 'dataSourceScriptDatabaseInitializer' via factory method to bean named 'dataSource'
2025-02-05T10:30:26.334-06:00 DEBUG 3383 --- [           main] o.s.b.f.s.DefaultListableBeanFactory     : Autowiring by type from bean name 'dataSourceScriptDatabaseInitializer' via factory method to bean named 'spring.sql.init-org.springframework.boot.autoconfigure.sql.init.SqlInitializationProperties'
2025-02-05T10:30:26.339-06:00 DEBUG 3383 --- [           main] o.s.b.f.s.DefaultListableBeanFactory     : Creating shared instance of singleton bean 'entityManagerFactory'
2025-02-05T10:30:26.339-06:00 DEBUG 3383 --- [           main] o.s.b.f.s.DefaultListableBeanFactory     : Creating shared instance of singleton bean 'org.springframework.boot.autoconfigure.orm.jpa.HibernateJpaConfiguration'
2025-02-05T10:30:26.342-06:00 DEBUG 3383 --- [           main] o.s.b.f.s.DefaultListableBeanFactory     : Creating shared instance of singleton bean 'spring.jpa-org.springframework.boot.autoconfigure.orm.jpa.JpaProperties'
2025-02-05T10:30:26.347-06:00 DEBUG 3383 --- [           main] o.s.b.f.s.DefaultListableBeanFactory     : Creating shared instance of singleton bean 'spring.jpa.hibernate-org.springframework.boot.autoconfigure.orm.jpa.HibernateProperties'
2025-02-05T10:30:26.349-06:00 DEBUG 3383 --- [           main] o.s.b.f.s.DefaultListableBeanFactory     : Autowiring by type from bean name 'org.springframework.boot.autoconfigure.orm.jpa.HibernateJpaConfiguration' via constructor to bean named 'dataSource'
2025-02-05T10:30:26.349-06:00 DEBUG 3383 --- [           main] o.s.b.f.s.DefaultListableBeanFactory     : Autowiring by type from bean name 'org.springframework.boot.autoconfigure.orm.jpa.HibernateJpaConfiguration' via constructor to bean named 'spring.jpa-org.springframework.boot.autoconfigure.orm.jpa.JpaProperties'
2025-02-05T10:30:26.349-06:00 DEBUG 3383 --- [           main] o.s.b.f.s.DefaultListableBeanFactory     : Autowiring by type from bean name 'org.springframework.boot.autoconfigure.orm.jpa.HibernateJpaConfiguration' via constructor to bean named 'org.springframework.beans.factory.support.DefaultListableBeanFactory@12365c88'
2025-02-05T10:30:26.349-06:00 DEBUG 3383 --- [           main] o.s.b.f.s.DefaultListableBeanFactory     : Autowiring by type from bean name 'org.springframework.boot.autoconfigure.orm.jpa.HibernateJpaConfiguration' via constructor to bean named 'spring.jpa.hibernate-org.springframework.boot.autoconfigure.orm.jpa.HibernateProperties'
2025-02-05T10:30:26.351-06:00 DEBUG 3383 --- [           main] o.s.b.f.s.DefaultListableBeanFactory     : Creating shared instance of singleton bean 'hikariPoolDataSourceMetadataProvider'
2025-02-05T10:30:26.352-06:00 DEBUG 3383 --- [           main] o.s.b.f.s.DefaultListableBeanFactory     : Creating shared instance of singleton bean 'org.springframework.boot.autoconfigure.jdbc.metadata.DataSourcePoolMetadataProvidersConfiguration$HikariPoolDataSourceMetadataProviderConfiguration'
2025-02-05T10:30:26.359-06:00 DEBUG 3383 --- [           main] o.s.b.f.s.DefaultListableBeanFactory     : Creating shared instance of singleton bean 'entityManagerFactoryBuilder'
2025-02-05T10:30:26.361-06:00 DEBUG 3383 --- [           main] o.s.b.f.s.DefaultListableBeanFactory     : Creating shared instance of singleton bean 'jpaVendorAdapter'
2025-02-05T10:30:26.376-06:00 DEBUG 3383 --- [           main] o.s.b.f.s.DefaultListableBeanFactory     : Autowiring by type from bean name 'entityManagerFactoryBuilder' via factory method to bean named 'jpaVendorAdapter'
2025-02-05T10:30:26.379-06:00 DEBUG 3383 --- [           main] o.s.b.f.s.DefaultListableBeanFactory     : Creating shared instance of singleton bean 'persistenceManagedTypes'
2025-02-05T10:30:26.381-06:00 DEBUG 3383 --- [           main] o.s.b.f.s.DefaultListableBeanFactory     : Autowiring by type from bean name 'persistenceManagedTypes' via factory method to bean named 'org.springframework.beans.factory.support.DefaultListableBeanFactory@12365c88'
2025-02-05T10:30:26.381-06:00 DEBUG 3383 --- [           main] o.s.b.f.s.DefaultListableBeanFactory     : Autowiring by type from bean name 'persistenceManagedTypes' via factory method to bean named 'org.springframework.web.context.support.GenericWebApplicationContext@2755d705'
2025-02-05T10:30:26.389-06:00 DEBUG 3383 --- [           main] o.s.b.f.s.DefaultListableBeanFactory     : Autowiring by type from bean name 'entityManagerFactory' via factory method to bean named 'entityManagerFactoryBuilder'
2025-02-05T10:30:26.389-06:00 DEBUG 3383 --- [           main] o.s.b.f.s.DefaultListableBeanFactory     : Autowiring by type from bean name 'entityManagerFactory' via factory method to bean named 'persistenceManagedTypes'
2025-02-05T10:30:26.402-06:00 DEBUG 3383 --- [           main] o.s.jdbc.datasource.DataSourceUtils      : Fetching JDBC Connection from DataSource
2025-02-05T10:30:26.403-06:00  INFO 3383 --- [           main] com.zaxxer.hikari.HikariDataSource       : HikariPool-1 - Starting...
2025-02-05T10:30:26.610-06:00  INFO 3383 --- [           main] com.zaxxer.hikari.pool.HikariPool        : HikariPool-1 - Added connection com.mysql.cj.jdbc.ConnectionImpl@5460edd3
2025-02-05T10:30:26.612-06:00  INFO 3383 --- [           main] com.zaxxer.hikari.HikariDataSource       : HikariPool-1 - Start completed.
2025-02-05T10:30:26.635-06:00 DEBUG 3383 --- [           main] j.LocalContainerEntityManagerFactoryBean : Building JPA container EntityManagerFactory for persistence unit 'default'
2025-02-05T10:30:26.649-06:00  INFO 3383 --- [           main] o.hibernate.jpa.internal.util.LogHelper  : HHH000204: Processing PersistenceUnitInfo [name: default]
2025-02-05T10:30:26.710-06:00  INFO 3383 --- [           main] org.hibernate.Version                    : HHH000412: Hibernate ORM core version 6.4.1.Final
2025-02-05T10:30:26.747-06:00  INFO 3383 --- [           main] o.h.c.internal.RegionFactoryInitiator    : HHH000026: Second-level cache disabled
2025-02-05T10:30:26.984-06:00  INFO 3383 --- [           main] o.s.o.j.p.SpringPersistenceUnitInfo      : No LoadTimeWeaver setup: ignoring JPA class transformer
2025-02-05T10:30:27.058-06:00  WARN 3383 --- [           main] org.hibernate.orm.deprecation            : HHH90000025: MySQL8Dialect does not need to be specified explicitly using 'hibernate.dialect' (remove the property setting and it will be selected by default)
2025-02-05T10:30:27.058-06:00  WARN 3383 --- [           main] org.hibernate.orm.deprecation            : HHH90000026: MySQL8Dialect has been deprecated; use org.hibernate.dialect.MySQLDialect instead
2025-02-05T10:30:27.894-06:00  INFO 3383 --- [           main] o.h.e.t.j.p.i.JtaPlatformInitiator       : HHH000489: No JTA platform available (set 'hibernate.transaction.jta.platform' to enable JTA platform integration)
2025-02-05T10:30:27.896-06:00  INFO 3383 --- [           main] j.LocalContainerEntityManagerFactoryBean : Initialized JPA EntityManagerFactory for persistence unit 'default'
2025-02-05T10:30:27.899-06:00 DEBUG 3383 --- [           main] o.s.b.f.s.DefaultListableBeanFactory     : Creating shared instance of singleton bean 'ecommerceSpringBootApplication'
2025-02-05T10:30:27.900-06:00 DEBUG 3383 --- [           main] o.s.b.f.s.DefaultListableBeanFactory     : Creating shared instance of singleton bean 'corsConfig'
2025-02-05T10:30:27.901-06:00 DEBUG 3383 --- [           main] o.s.b.f.s.DefaultListableBeanFactory     : Creating shared instance of singleton bean 'myDataRestConfig'
2025-02-05T10:30:27.903-06:00 DEBUG 3383 --- [           main] o.s.b.f.s.DefaultListableBeanFactory     : Creating shared instance of singleton bean 'jpaSharedEM_AWC_entityManagerFactory'
2025-02-05T10:30:27.927-06:00 DEBUG 3383 --- [           main] o.s.b.f.s.DefaultListableBeanFactory     : Autowiring by type from bean name 'myDataRestConfig' via constructor to bean named 'jpaSharedEM_AWC_entityManagerFactory'
2025-02-05T10:30:27.928-06:00 DEBUG 3383 --- [           main] o.s.b.f.s.DefaultListableBeanFactory     : Creating shared instance of singleton bean 'securityConfig'
2025-02-05T10:30:27.929-06:00 DEBUG 3383 --- [           main] o.s.b.f.s.DefaultListableBeanFactory     : Creating shared instance of singleton bean 'authController'
2025-02-05T10:30:27.932-06:00 DEBUG 3383 --- [           main] o.s.b.f.s.DefaultListableBeanFactory     : Creating shared instance of singleton bean 'userRepository'
2025-02-05T10:30:27.939-06:00 DEBUG 3383 --- [           main] o.s.b.f.s.DefaultListableBeanFactory     : Creating shared instance of singleton bean 'jpa.named-queries#3'
2025-02-05T10:30:27.942-06:00 DEBUG 3383 --- [           main] o.s.b.f.s.DefaultListableBeanFactory     : Creating shared instance of singleton bean 'jpa.UserRepository.fragments#0'
2025-02-05T10:30:27.946-06:00 DEBUG 3383 --- [           main] o.s.b.f.s.DefaultListableBeanFactory     : Creating shared instance of singleton bean 'jpaSharedEM_entityManagerFactory'
2025-02-05T10:30:27.948-06:00 DEBUG 3383 --- [           main] o.s.b.f.s.DefaultListableBeanFactory     : Creating shared instance of singleton bean 'jpaMappingContext'
2025-02-05T10:30:27.949-06:00 DEBUG 3383 --- [           main] .c.JpaMetamodelMappingContextFactoryBean : Initializing JpaMetamodelMappingContext…
2025-02-05T10:30:27.964-06:00 DEBUG 3383 --- [           main] .c.JpaMetamodelMappingContextFactoryBean : Finished initializing JpaMetamodelMappingContext
2025-02-05T10:30:27.989-06:00 DEBUG 3383 --- [           main] tor$SharedEntityManagerInvocationHandler : Creating new EntityManager for shared EntityManager invocation
2025-02-05T10:30:28.015-06:00 DEBUG 3383 --- [           main] tor$SharedEntityManagerInvocationHandler : Creating new EntityManager for shared EntityManager invocation
2025-02-05T10:30:28.054-06:00 DEBUG 3383 --- [           main] o.s.d.r.c.s.RepositoryFactorySupport     : Initializing repository instance for com.webapp.ecommerce_spring_boot.dao.UserRepository…
2025-02-05T10:30:28.072-06:00 DEBUG 3383 --- [           main] tor$SharedEntityManagerInvocationHandler : Creating new EntityManager for shared EntityManager invocation
2025-02-05T10:30:28.144-06:00 DEBUG 3383 --- [           main] o.s.d.jpa.repository.query.NamedQuery    : Looking up named query User.findByEmail
2025-02-05T10:30:28.146-06:00 DEBUG 3383 --- [           main] o.s.d.jpa.repository.query.NamedQuery    : Did not find named query User.findByEmail
2025-02-05T10:30:28.149-06:00 DEBUG 3383 --- [           main] tor$SharedEntityManagerInvocationHandler : Creating new EntityManager for shared EntityManager invocation
2025-02-05T10:30:28.193-06:00 DEBUG 3383 --- [           main] o.s.d.r.c.s.RepositoryFactorySupport     : Finished creation of repository instance for com.webapp.ecommerce_spring_boot.dao.UserRepository.
2025-02-05T10:30:28.196-06:00 DEBUG 3383 --- [           main] o.s.b.f.s.DefaultListableBeanFactory     : Creating shared instance of singleton bean 'passwordEncoder'
2025-02-05T10:30:28.199-06:00 DEBUG 3383 --- [           main] o.s.b.f.s.DefaultListableBeanFactory     : Creating shared instance of singleton bean 'authService'
2025-02-05T10:30:28.200-06:00 DEBUG 3383 --- [           main] o.s.b.f.s.DefaultListableBeanFactory     : Creating shared instance of singleton bean 'jwtUtil'
2025-02-05T10:30:28.201-06:00 DEBUG 3383 --- [           main] o.s.c.e.PropertySourcesPropertyResolver  : Found key 'jwt.secret' in PropertySource 'environmentProperties' with value of type String
2025-02-05T10:30:28.205-06:00 DEBUG 3383 --- [           main] o.s.b.f.s.DefaultListableBeanFactory     : Autowiring by type from bean name 'authService' via constructor to bean named 'userRepository'
2025-02-05T10:30:28.206-06:00 DEBUG 3383 --- [           main] o.s.b.f.s.DefaultListableBeanFactory     : Autowiring by type from bean name 'authService' via constructor to bean named 'jwtUtil'
2025-02-05T10:30:28.206-06:00 DEBUG 3383 --- [           main] o.s.b.f.s.DefaultListableBeanFactory     : Autowiring by type from bean name 'authService' via constructor to bean named 'passwordEncoder'
2025-02-05T10:30:28.206-06:00 DEBUG 3383 --- [           main] o.s.b.f.s.DefaultListableBeanFactory     : Autowiring by type from bean name 'authController' via constructor to bean named 'userRepository'
2025-02-05T10:30:28.206-06:00 DEBUG 3383 --- [           main] o.s.b.f.s.DefaultListableBeanFactory     : Autowiring by type from bean name 'authController' via constructor to bean named 'passwordEncoder'
2025-02-05T10:30:28.206-06:00 DEBUG 3383 --- [           main] o.s.b.f.s.DefaultListableBeanFactory     : Autowiring by type from bean name 'authController' via constructor to bean named 'authService'
2025-02-05T10:30:28.208-06:00 DEBUG 3383 --- [           main] o.s.b.f.s.DefaultListableBeanFactory     : Creating shared instance of singleton bean 'checkoutController'
2025-02-05T10:30:28.210-06:00 DEBUG 3383 --- [           main] o.s.b.f.s.DefaultListableBeanFactory     : Creating shared instance of singleton bean 'checkoutServiceImpl'
2025-02-05T10:30:28.211-06:00 DEBUG 3383 --- [           main] o.s.b.f.s.DefaultListableBeanFactory     : Creating shared instance of singleton bean 'customerRepository'
2025-02-05T10:30:28.212-06:00 DEBUG 3383 --- [           main] o.s.b.f.s.DefaultListableBeanFactory     : Creating shared instance of singleton bean 'jpa.named-queries#2'
2025-02-05T10:30:28.213-06:00 DEBUG 3383 --- [           main] o.s.b.f.s.DefaultListableBeanFactory     : Creating shared instance of singleton bean 'jpa.CustomerRepository.fragments#0'
2025-02-05T10:30:28.214-06:00 DEBUG 3383 --- [           main] tor$SharedEntityManagerInvocationHandler : Creating new EntityManager for shared EntityManager invocation
2025-02-05T10:30:28.233-06:00 DEBUG 3383 --- [           main] o.s.d.r.c.s.RepositoryFactorySupport     : Initializing repository instance for com.webapp.ecommerce_spring_boot.dao.CustomerRepository…
2025-02-05T10:30:28.234-06:00 DEBUG 3383 --- [           main] tor$SharedEntityManagerInvocationHandler : Creating new EntityManager for shared EntityManager invocation
2025-02-05T10:30:28.251-06:00 DEBUG 3383 --- [           main] o.s.d.r.c.s.RepositoryFactorySupport     : Finished creation of repository instance for com.webapp.ecommerce_spring_boot.dao.CustomerRepository.
2025-02-05T10:30:28.252-06:00 DEBUG 3383 --- [           main] o.s.b.f.s.DefaultListableBeanFactory     : Creating shared instance of singleton bean 'productRepository'
2025-02-05T10:30:28.253-06:00 DEBUG 3383 --- [           main] o.s.b.f.s.DefaultListableBeanFactory     : Creating shared instance of singleton bean 'jpa.named-queries#1'
2025-02-05T10:30:28.254-06:00 DEBUG 3383 --- [           main] o.s.b.f.s.DefaultListableBeanFactory     : Creating shared instance of singleton bean 'jpa.ProductRepository.fragments#0'
2025-02-05T10:30:28.254-06:00 DEBUG 3383 --- [           main] tor$SharedEntityManagerInvocationHandler : Creating new EntityManager for shared EntityManager invocation
2025-02-05T10:30:28.263-06:00 DEBUG 3383 --- [           main] o.s.d.r.c.s.RepositoryFactorySupport     : Initializing repository instance for com.webapp.ecommerce_spring_boot.dao.ProductRepository…
2025-02-05T10:30:28.264-06:00 DEBUG 3383 --- [           main] tor$SharedEntityManagerInvocationHandler : Creating new EntityManager for shared EntityManager invocation
2025-02-05T10:30:28.288-06:00 DEBUG 3383 --- [           main] o.s.d.jpa.repository.query.NamedQuery    : Looking up named query Product.findByCategoryId
2025-02-05T10:30:28.288-06:00 DEBUG 3383 --- [           main] o.s.d.jpa.repository.query.NamedQuery    : Did not find named query Product.findByCategoryId
2025-02-05T10:30:28.289-06:00 DEBUG 3383 --- [           main] tor$SharedEntityManagerInvocationHandler : Creating new EntityManager for shared EntityManager invocation
2025-02-05T10:30:28.299-06:00  INFO 3383 --- [           main] o.s.d.j.r.query.QueryEnhancerFactory     : Hibernate is in classpath; If applicable, HQL parser will be used.
2025-02-05T10:30:28.426-06:00 DEBUG 3383 --- [           main] o.s.d.jpa.repository.query.NamedQuery    : Did not find named query Product.updateStock.count
2025-02-05T10:30:28.427-06:00 DEBUG 3383 --- [           main] tor$SharedEntityManagerInvocationHandler : Creating new EntityManager for shared EntityManager invocation
2025-02-05T10:30:28.565-06:00 DEBUG 3383 --- [           main] o.s.d.jpa.repository.query.NamedQuery    : Looking up named query Product.findByNameContaining
2025-02-05T10:30:28.565-06:00 DEBUG 3383 --- [           main] o.s.d.jpa.repository.query.NamedQuery    : Did not find named query Product.findByNameContaining
2025-02-05T10:30:28.566-06:00 DEBUG 3383 --- [           main] tor$SharedEntityManagerInvocationHandler : Creating new EntityManager for shared EntityManager invocation
2025-02-05T10:30:28.569-06:00 DEBUG 3383 --- [           main] o.s.d.r.c.s.RepositoryFactorySupport     : Finished creation of repository instance for com.webapp.ecommerce_spring_boot.dao.ProductRepository.
2025-02-05T10:30:28.570-06:00 DEBUG 3383 --- [           main] o.s.b.f.s.DefaultListableBeanFactory     : Creating shared instance of singleton bean 'orderRepository'
2025-02-05T10:30:28.571-06:00 DEBUG 3383 --- [           main] o.s.b.f.s.DefaultListableBeanFactory     : Creating shared instance of singleton bean 'jpa.named-queries#0'
2025-02-05T10:30:28.572-06:00 DEBUG 3383 --- [           main] o.s.b.f.s.DefaultListableBeanFactory     : Creating shared instance of singleton bean 'jpa.OrderRepository.fragments#0'
2025-02-05T10:30:28.572-06:00 DEBUG 3383 --- [           main] tor$SharedEntityManagerInvocationHandler : Creating new EntityManager for shared EntityManager invocation
2025-02-05T10:30:28.573-06:00 DEBUG 3383 --- [           main] o.s.d.r.c.s.RepositoryFactorySupport     : Initializing repository instance for com.webapp.ecommerce_spring_boot.dao.OrderRepository…
2025-02-05T10:30:28.573-06:00 DEBUG 3383 --- [           main] tor$SharedEntityManagerInvocationHandler : Creating new EntityManager for shared EntityManager invocation
2025-02-05T10:30:28.670-06:00 DEBUG 3383 --- [           main] o.s.d.jpa.repository.query.NamedQuery    : Did not find named query Order.getOrderReports.count
2025-02-05T10:30:28.670-06:00 DEBUG 3383 --- [           main] tor$SharedEntityManagerInvocationHandler : Creating new EntityManager for shared EntityManager invocation
2025-02-05T10:30:28.878-06:00 DEBUG 3383 --- [           main] o.s.d.jpa.repository.query.NamedQuery    : Looking up named query Order.findFirstByOrderByDateCreatedDesc
2025-02-05T10:30:28.878-06:00 DEBUG 3383 --- [           main] o.s.d.jpa.repository.query.NamedQuery    : Did not find named query Order.findFirstByOrderByDateCreatedDesc
2025-02-05T10:30:28.879-06:00 DEBUG 3383 --- [           main] tor$SharedEntityManagerInvocationHandler : Creating new EntityManager for shared EntityManager invocation
2025-02-05T10:30:28.882-06:00 DEBUG 3383 --- [           main] o.s.d.jpa.repository.query.NamedQuery    : Looking up named query Order.findByCustomerEmailOrderByDateCreatedDesc
2025-02-05T10:30:28.882-06:00 DEBUG 3383 --- [           main] o.s.d.jpa.repository.query.NamedQuery    : Did not find named query Order.findByCustomerEmailOrderByDateCreatedDesc
2025-02-05T10:30:28.882-06:00 DEBUG 3383 --- [           main] tor$SharedEntityManagerInvocationHandler : Creating new EntityManager for shared EntityManager invocation
2025-02-05T10:30:28.885-06:00 DEBUG 3383 --- [           main] o.s.d.r.c.s.RepositoryFactorySupport     : Finished creation of repository instance for com.webapp.ecommerce_spring_boot.dao.OrderRepository.
2025-02-05T10:30:28.886-06:00 DEBUG 3383 --- [           main] o.s.b.f.s.DefaultListableBeanFactory     : Autowiring by type from bean name 'checkoutServiceImpl' via constructor to bean named 'customerRepository'
2025-02-05T10:30:28.886-06:00 DEBUG 3383 --- [           main] o.s.b.f.s.DefaultListableBeanFactory     : Autowiring by type from bean name 'checkoutServiceImpl' via constructor to bean named 'productRepository'
2025-02-05T10:30:28.886-06:00 DEBUG 3383 --- [           main] o.s.b.f.s.DefaultListableBeanFactory     : Autowiring by type from bean name 'checkoutServiceImpl' via constructor to bean named 'orderRepository'
2025-02-05T10:30:28.886-06:00 DEBUG 3383 --- [           main] o.s.b.f.s.DefaultListableBeanFactory     : Autowiring by type from bean name 'checkoutServiceImpl' via constructor to bean named 'userRepository'
2025-02-05T10:30:28.887-06:00 DEBUG 3383 --- [           main] o.s.b.f.s.DefaultListableBeanFactory     : Creating shared instance of singleton bean 'authenticationManager'
2025-02-05T10:30:28.887-06:00 DEBUG 3383 --- [           main] o.s.b.f.s.DefaultListableBeanFactory     : Creating shared instance of singleton bean 'org.springframework.security.config.annotation.authentication.configuration.AuthenticationConfiguration'
2025-02-05T10:30:28.889-06:00 DEBUG 3383 --- [           main] o.s.b.f.s.DefaultListableBeanFactory     : Creating shared instance of singleton bean 'enableGlobalAuthenticationAutowiredConfigurer'
2025-02-05T10:30:28.889-06:00 DEBUG 3383 --- [           main] o.s.b.f.s.DefaultListableBeanFactory     : Autowiring by type from bean name 'enableGlobalAuthenticationAutowiredConfigurer' via factory method to bean named 'org.springframework.web.context.support.GenericWebApplicationContext@2755d705'
2025-02-05T10:30:28.890-06:00 DEBUG 3383 --- [           main] o.s.b.f.s.DefaultListableBeanFactory     : Creating shared instance of singleton bean 'initializeUserDetailsBeanManagerConfigurer'
2025-02-05T10:30:28.890-06:00 DEBUG 3383 --- [           main] o.s.b.f.s.DefaultListableBeanFactory     : Autowiring by type from bean name 'initializeUserDetailsBeanManagerConfigurer' via factory method to bean named 'org.springframework.web.context.support.GenericWebApplicationContext@2755d705'
2025-02-05T10:30:28.891-06:00 DEBUG 3383 --- [           main] o.s.b.f.s.DefaultListableBeanFactory     : Creating shared instance of singleton bean 'initializeAuthenticationProviderBeanManagerConfigurer'
2025-02-05T10:30:28.891-06:00 DEBUG 3383 --- [           main] o.s.b.f.s.DefaultListableBeanFactory     : Autowiring by type from bean name 'initializeAuthenticationProviderBeanManagerConfigurer' via factory method to bean named 'org.springframework.web.context.support.GenericWebApplicationContext@2755d705'
2025-02-05T10:30:28.892-06:00 DEBUG 3383 --- [           main] o.s.b.f.s.DefaultListableBeanFactory     : Creating shared instance of singleton bean 'objectPostProcessor'
2025-02-05T10:30:28.893-06:00 DEBUG 3383 --- [           main] o.s.b.f.s.DefaultListableBeanFactory     : Creating shared instance of singleton bean 'org.springframework.security.config.annotation.configuration.ObjectPostProcessorConfiguration'
2025-02-05T10:30:28.893-06:00 DEBUG 3383 --- [           main] o.s.b.f.s.DefaultListableBeanFactory     : Autowiring by type from bean name 'objectPostProcessor' via factory method to bean named 'org.springframework.beans.factory.support.DefaultListableBeanFactory@12365c88'
2025-02-05T10:30:28.894-06:00 DEBUG 3383 --- [           main] o.s.b.f.s.DefaultListableBeanFactory     : Autowiring by type from bean name 'authenticationManager' via factory method to bean named 'org.springframework.security.config.annotation.authentication.configuration.AuthenticationConfiguration'
2025-02-05T10:30:28.895-06:00 DEBUG 3383 --- [           main] o.s.b.f.s.DefaultListableBeanFactory     : Creating shared instance of singleton bean 'authenticationManagerBuilder'
2025-02-05T10:30:28.895-06:00 DEBUG 3383 --- [           main] o.s.b.f.s.DefaultListableBeanFactory     : Autowiring by type from bean name 'authenticationManagerBuilder' via factory method to bean named 'objectPostProcessor'
2025-02-05T10:30:28.895-06:00 DEBUG 3383 --- [           main] o.s.b.f.s.DefaultListableBeanFactory     : Autowiring by type from bean name 'authenticationManagerBuilder' via factory method to bean named 'org.springframework.web.context.support.GenericWebApplicationContext@2755d705'
2025-02-05T10:30:28.896-06:00 DEBUG 3383 --- [           main] o.s.b.f.s.DefaultListableBeanFactory     : Creating shared instance of singleton bean 'authenticationEventPublisher'
2025-02-05T10:30:28.896-06:00 DEBUG 3383 --- [           main] o.s.b.f.s.DefaultListableBeanFactory     : Creating shared instance of singleton bean 'org.springframework.boot.autoconfigure.security.servlet.SecurityAutoConfiguration'
2025-02-05T10:30:28.897-06:00 DEBUG 3383 --- [           main] o.s.b.f.s.DefaultListableBeanFactory     : Autowiring by type from bean name 'authenticationEventPublisher' via factory method to bean named 'org.springframework.web.context.support.GenericWebApplicationContext@2755d705'
2025-02-05T10:30:28.909-06:00 DEBUG 3383 --- [           main] swordEncoderAuthenticationManagerBuilder : No authenticationProviders and no parentAuthenticationManager defined. Returning null.
2025-02-05T10:30:28.913-06:00 DEBUG 3383 --- [           main] o.s.aop.framework.ProxyFactoryBean       : Advice has changed; re-caching singleton instance
2025-02-05T10:30:28.934-06:00 DEBUG 3383 --- [           main] o.s.b.f.s.DefaultListableBeanFactory     : Creating shared instance of singleton bean 'orderServiceImpl'
2025-02-05T10:30:28.934-06:00 DEBUG 3383 --- [           main] o.s.b.f.s.DefaultListableBeanFactory     : Autowiring by type from bean name 'orderServiceImpl' via constructor to bean named 'orderRepository'
2025-02-05T10:30:28.935-06:00 DEBUG 3383 --- [           main] o.s.b.f.s.DefaultListableBeanFactory     : Autowiring by type from bean name 'checkoutController' via constructor to bean named 'checkoutServiceImpl'
2025-02-05T10:30:28.935-06:00 DEBUG 3383 --- [           main] o.s.b.f.s.DefaultListableBeanFactory     : Autowiring by type from bean name 'checkoutController' via constructor to bean named 'orderServiceImpl'
2025-02-05T10:30:28.935-06:00 DEBUG 3383 --- [           main] o.s.b.f.s.DefaultListableBeanFactory     : Autowiring by type from bean name 'checkoutController' via constructor to bean named 'productRepository'
2025-02-05T10:30:28.936-06:00 DEBUG 3383 --- [           main] o.s.b.f.s.DefaultListableBeanFactory     : Creating shared instance of singleton bean 'orderController'
2025-02-05T10:30:28.937-06:00 DEBUG 3383 --- [           main] o.s.b.f.s.DefaultListableBeanFactory     : Autowiring by type from bean name 'orderController' via constructor to bean named 'orderServiceImpl'
2025-02-05T10:30:28.938-06:00 DEBUG 3383 --- [           main] o.s.b.f.s.DefaultListableBeanFactory     : Creating shared instance of singleton bean 'productController'
2025-02-05T10:30:28.939-06:00 DEBUG 3383 --- [           main] o.s.b.f.s.DefaultListableBeanFactory     : Autowiring by type from bean name 'productController' via constructor to bean named 'productRepository'
2025-02-05T10:30:28.939-06:00 DEBUG 3383 --- [           main] o.s.b.f.s.DefaultListableBeanFactory     : Creating shared instance of singleton bean 'secretKeyProvider'
2025-02-05T10:30:28.939-06:00 DEBUG 3383 --- [           main] o.s.b.f.s.DefaultListableBeanFactory     : Creating shared instance of singleton bean 'corsConfigurer'
2025-02-05T10:30:28.942-06:00 DEBUG 3383 --- [           main] o.s.b.f.s.DefaultListableBeanFactory     : Creating shared instance of singleton bean 'org.springframework.security.config.annotation.web.configuration.WebSecurityConfiguration'
2025-02-05T10:30:28.945-06:00 DEBUG 3383 --- [           main] o.s.b.f.s.DefaultListableBeanFactory     : Creating shared instance of singleton bean 'org.springframework.security.config.annotation.web.configuration.HttpSecurityConfiguration'
2025-02-05T10:30:28.948-06:00 DEBUG 3383 --- [           main] o.s.b.f.s.DefaultListableBeanFactory     : Creating shared instance of singleton bean 'mvcContentNegotiationManager'
2025-02-05T10:30:28.949-06:00 DEBUG 3383 --- [           main] o.s.b.f.s.DefaultListableBeanFactory     : Creating shared instance of singleton bean 'org.springframework.boot.autoconfigure.web.servlet.WebMvcAutoConfiguration$EnableWebMvcConfiguration'
2025-02-05T10:30:28.949-06:00 DEBUG 3383 --- [           main] o.s.b.f.s.DefaultListableBeanFactory     : Creating shared instance of singleton bean 'spring.mvc-org.springframework.boot.autoconfigure.web.servlet.WebMvcProperties'
2025-02-05T10:30:28.953-06:00 DEBUG 3383 --- [           main] o.s.b.f.s.DefaultListableBeanFactory     : Creating shared instance of singleton bean 'spring.web-org.springframework.boot.autoconfigure.web.WebProperties'
2025-02-05T10:30:28.956-06:00 DEBUG 3383 --- [           main] o.s.b.f.s.DefaultListableBeanFactory     : Autowiring by type from bean name 'org.springframework.boot.autoconfigure.web.servlet.WebMvcAutoConfiguration$EnableWebMvcConfiguration' via constructor to bean named 'spring.mvc-org.springframework.boot.autoconfigure.web.servlet.WebMvcProperties'
2025-02-05T10:30:28.957-06:00 DEBUG 3383 --- [           main] o.s.b.f.s.DefaultListableBeanFactory     : Autowiring by type from bean name 'org.springframework.boot.autoconfigure.web.servlet.WebMvcAutoConfiguration$EnableWebMvcConfiguration' via constructor to bean named 'spring.web-org.springframework.boot.autoconfigure.web.WebProperties'
2025-02-05T10:30:28.957-06:00 DEBUG 3383 --- [           main] o.s.b.f.s.DefaultListableBeanFactory     : Autowiring by type from bean name 'org.springframework.boot.autoconfigure.web.servlet.WebMvcAutoConfiguration$EnableWebMvcConfiguration' via constructor to bean named 'org.springframework.beans.factory.support.DefaultListableBeanFactory@12365c88'
2025-02-05T10:30:28.960-06:00 DEBUG 3383 --- [           main] o.s.b.f.s.DefaultListableBeanFactory     : Creating shared instance of singleton bean 'org.springframework.security.config.annotation.web.configuration.WebMvcSecurityConfiguration'
2025-02-05T10:30:28.960-06:00 DEBUG 3383 --- [           main] o.s.b.f.s.DefaultListableBeanFactory     : Creating shared instance of singleton bean 'org.springframework.boot.autoconfigure.web.servlet.WebMvcAutoConfiguration$WebMvcAutoConfigurationAdapter'
2025-02-05T10:30:28.961-06:00 DEBUG 3383 --- [           main] o.s.b.f.s.DefaultListableBeanFactory     : Autowiring by type from bean name 'org.springframework.boot.autoconfigure.web.servlet.WebMvcAutoConfiguration$WebMvcAutoConfigurationAdapter' via constructor to bean named 'spring.web-org.springframework.boot.autoconfigure.web.WebProperties'
2025-02-05T10:30:28.961-06:00 DEBUG 3383 --- [           main] o.s.b.f.s.DefaultListableBeanFactory     : Autowiring by type from bean name 'org.springframework.boot.autoconfigure.web.servlet.WebMvcAutoConfiguration$WebMvcAutoConfigurationAdapter' via constructor to bean named 'spring.mvc-org.springframework.boot.autoconfigure.web.servlet.WebMvcProperties'
2025-02-05T10:30:28.961-06:00 DEBUG 3383 --- [           main] o.s.b.f.s.DefaultListableBeanFactory     : Autowiring by type from bean name 'org.springframework.boot.autoconfigure.web.servlet.WebMvcAutoConfiguration$WebMvcAutoConfigurationAdapter' via constructor to bean named 'org.springframework.beans.factory.support.DefaultListableBeanFactory@12365c88'
2025-02-05T10:30:28.962-06:00 DEBUG 3383 --- [           main] o.s.b.f.s.DefaultListableBeanFactory     : Creating shared instance of singleton bean 'openEntityManagerInViewInterceptorConfigurer'
2025-02-05T10:30:28.962-06:00 DEBUG 3383 --- [           main] o.s.b.f.s.DefaultListableBeanFactory     : Creating shared instance of singleton bean 'org.springframework.boot.autoconfigure.orm.jpa.JpaBaseConfiguration$JpaWebConfiguration'
2025-02-05T10:30:28.963-06:00 DEBUG 3383 --- [           main] o.s.b.f.s.DefaultListableBeanFactory     : Autowiring by type from bean name 'org.springframework.boot.autoconfigure.orm.jpa.JpaBaseConfiguration$JpaWebConfiguration' via constructor to bean named 'spring.jpa-org.springframework.boot.autoconfigure.orm.jpa.JpaProperties'
2025-02-05T10:30:28.963-06:00 DEBUG 3383 --- [           main] o.s.b.f.s.DefaultListableBeanFactory     : Creating shared instance of singleton bean 'openEntityManagerInViewInterceptor'
2025-02-05T10:30:28.964-06:00  WARN 3383 --- [           main] JpaBaseConfiguration$JpaWebConfiguration : spring.jpa.open-in-view is enabled by default. Therefore, database queries may be performed during view rendering. Explicitly configure spring.jpa.open-in-view to disable this warning
2025-02-05T10:30:28.967-06:00 DEBUG 3383 --- [           main] o.s.b.f.s.DefaultListableBeanFactory     : Autowiring by type from bean name 'openEntityManagerInViewInterceptorConfigurer' via factory method to bean named 'openEntityManagerInViewInterceptor'
2025-02-05T10:30:28.968-06:00 DEBUG 3383 --- [           main] o.s.b.f.s.DefaultListableBeanFactory     : Creating shared instance of singleton bean 'hypermediaWebMvcConfigurer'
2025-02-05T10:30:28.968-06:00 DEBUG 3383 --- [           main] o.s.b.f.s.DefaultListableBeanFactory     : Creating shared instance of singleton bean 'org.springframework.hateoas.config.WebMvcHateoasConfiguration'
2025-02-05T10:30:28.969-06:00 DEBUG 3383 --- [           main] o.s.b.f.s.DefaultListableBeanFactory     : Creating shared instance of singleton bean 'hypermediaWebMvcConverters'
2025-02-05T10:30:28.969-06:00 DEBUG 3383 --- [           main] o.s.b.f.s.DefaultListableBeanFactory     : Creating shared instance of singleton bean 'org.springframework.hateoas.config.HateoasConfiguration'
2025-02-05T10:30:28.970-06:00 DEBUG 3383 --- [           main] o.s.b.f.s.DefaultListableBeanFactory     : Creating shared instance of singleton bean 'org.springframework.hateoas.mediatype.hal.HalMediaTypeConfiguration'
2025-02-05T10:30:28.971-06:00 DEBUG 3383 --- [           main] o.s.b.f.s.DefaultListableBeanFactory     : Creating shared instance of singleton bean '_relProvider'
2025-02-05T10:30:28.972-06:00 DEBUG 3383 --- [           main] o.s.b.f.s.DefaultListableBeanFactory     : Creating shared instance of singleton bean 'relProviderPluginRegistry'
2025-02-05T10:30:28.972-06:00 DEBUG 3383 --- [           main] o.s.b.f.s.DefaultListableBeanFactory     : Autowiring by type from bean name 'relProviderPluginRegistry' via factory method to bean named 'org.springframework.web.context.support.GenericWebApplicationContext@2755d705'
2025-02-05T10:30:28.978-06:00 DEBUG 3383 --- [           main] o.s.b.f.s.DefaultListableBeanFactory     : Autowiring by type from bean name '_relProvider' via factory method to bean named 'relProviderPluginRegistry'
2025-02-05T10:30:28.979-06:00 DEBUG 3383 --- [           main] o.s.b.f.s.DefaultListableBeanFactory     : Creating shared instance of singleton bean 'messageResolver'
2025-02-05T10:30:28.982-06:00 DEBUG 3383 --- [           main] o.s.b.f.s.DefaultListableBeanFactory     : Autowiring by type from bean name 'org.springframework.hateoas.mediatype.hal.HalMediaTypeConfiguration' via constructor to bean named '_relProvider'
2025-02-05T10:30:28.982-06:00 DEBUG 3383 --- [           main] o.s.b.f.s.DefaultListableBeanFactory     : Autowiring by type from bean name 'org.springframework.hateoas.mediatype.hal.HalMediaTypeConfiguration' via constructor to bean named 'messageResolver'
2025-02-05T10:30:28.982-06:00 DEBUG 3383 --- [           main] o.s.b.f.s.DefaultListableBeanFactory     : Autowiring by type from bean name 'org.springframework.hateoas.mediatype.hal.HalMediaTypeConfiguration' via constructor to bean named 'org.springframework.beans.factory.support.DefaultListableBeanFactory@12365c88'
2025-02-05T10:30:28.984-06:00 DEBUG 3383 --- [           main] o.s.b.f.s.DefaultListableBeanFactory     : Creating shared instance of singleton bean 'org.springframework.hateoas.mediatype.hal.forms.HalFormsMediaTypeConfiguration'
2025-02-05T10:30:28.985-06:00 DEBUG 3383 --- [           main] o.s.b.f.s.DefaultListableBeanFactory     : Autowiring by type from bean name 'org.springframework.hateoas.mediatype.hal.forms.HalFormsMediaTypeConfiguration' via constructor to bean named '_relProvider'
2025-02-05T10:30:28.985-06:00 DEBUG 3383 --- [           main] o.s.b.f.s.DefaultListableBeanFactory     : Autowiring by type from bean name 'org.springframework.hateoas.mediatype.hal.forms.HalFormsMediaTypeConfiguration' via constructor to bean named 'messageResolver'
2025-02-05T10:30:28.985-06:00 DEBUG 3383 --- [           main] o.s.b.f.s.DefaultListableBeanFactory     : Autowiring by type from bean name 'org.springframework.hateoas.mediatype.hal.forms.HalFormsMediaTypeConfiguration' via constructor to bean named 'org.springframework.beans.factory.support.DefaultListableBeanFactory@12365c88'
2025-02-05T10:30:28.987-06:00 DEBUG 3383 --- [           main] o.s.b.f.s.DefaultListableBeanFactory     : Autowiring by type from bean name 'hypermediaWebMvcConverters' via factory method to bean named 'org.springframework.hateoas.mediatype.hal.HalMediaTypeConfiguration'
2025-02-05T10:30:28.987-06:00 DEBUG 3383 --- [           main] o.s.b.f.s.DefaultListableBeanFactory     : Autowiring by type from bean name 'hypermediaWebMvcConverters' via factory method to bean named 'org.springframework.hateoas.mediatype.hal.forms.HalFormsMediaTypeConfiguration'
2025-02-05T10:30:28.989-06:00 DEBUG 3383 --- [           main] o.s.b.f.s.DefaultListableBeanFactory     : Creating shared instance of singleton bean 'applicationJsonHalConfiguration'
2025-02-05T10:30:28.989-06:00 DEBUG 3383 --- [           main] o.s.b.f.s.DefaultListableBeanFactory     : Creating shared instance of singleton bean 'org.springframework.boot.autoconfigure.hateoas.HypermediaAutoConfiguration'
2025-02-05T10:30:28.993-06:00 DEBUG 3383 --- [           main] o.s.b.f.s.DefaultListableBeanFactory     : Creating shared instance of singleton bean 'jacksonObjectMapper'
2025-02-05T10:30:28.993-06:00 DEBUG 3383 --- [           main] o.s.b.f.s.DefaultListableBeanFactory     : Creating shared instance of singleton bean 'org.springframework.boot.autoconfigure.jackson.JacksonAutoConfiguration$JacksonObjectMapperConfiguration'
2025-02-05T10:30:28.993-06:00 DEBUG 3383 --- [           main] o.s.b.f.s.DefaultListableBeanFactory     : Creating shared instance of singleton bean 'org.springframework.boot.autoconfigure.jackson.JacksonAutoConfiguration$JacksonObjectMapperBuilderConfiguration'
2025-02-05T10:30:28.994-06:00 DEBUG 3383 --- [           main] o.s.b.f.s.DefaultListableBeanFactory     : Creating shared instance of singleton bean 'standardJacksonObjectMapperBuilderCustomizer'
2025-02-05T10:30:28.995-06:00 DEBUG 3383 --- [           main] o.s.b.f.s.DefaultListableBeanFactory     : Creating shared instance of singleton bean 'org.springframework.boot.autoconfigure.jackson.JacksonAutoConfiguration$Jackson2ObjectMapperBuilderCustomizerConfiguration'
2025-02-05T10:30:28.995-06:00 DEBUG 3383 --- [           main] o.s.b.f.s.DefaultListableBeanFactory     : Creating shared instance of singleton bean 'spring.jackson-org.springframework.boot.autoconfigure.jackson.JacksonProperties'
2025-02-05T10:30:28.998-06:00 DEBUG 3383 --- [           main] o.s.b.f.s.DefaultListableBeanFactory     : Autowiring by type from bean name 'standardJacksonObjectMapperBuilderCustomizer' via factory method to bean named 'spring.jackson-org.springframework.boot.autoconfigure.jackson.JacksonProperties'
2025-02-05T10:30:28.998-06:00 DEBUG 3383 --- [           main] o.s.b.f.s.DefaultListableBeanFactory     : Creating shared instance of singleton bean 'parameterNamesModule'
2025-02-05T10:30:28.999-06:00 DEBUG 3383 --- [           main] o.s.b.f.s.DefaultListableBeanFactory     : Creating shared instance of singleton bean 'org.springframework.boot.autoconfigure.jackson.JacksonAutoConfiguration$ParameterNamesModuleConfiguration'
2025-02-05T10:30:29.001-06:00 DEBUG 3383 --- [           main] o.s.b.f.s.DefaultListableBeanFactory     : Creating shared instance of singleton bean 'jsonMixinModule'
2025-02-05T10:30:29.001-06:00 DEBUG 3383 --- [           main] o.s.b.f.s.DefaultListableBeanFactory     : Creating shared instance of singleton bean 'org.springframework.boot.autoconfigure.jackson.JacksonAutoConfiguration$JacksonMixinConfiguration'
2025-02-05T10:30:29.002-06:00 DEBUG 3383 --- [           main] o.s.b.f.s.DefaultListableBeanFactory     : Creating shared instance of singleton bean 'jsonMixinModuleEntries'
2025-02-05T10:30:29.002-06:00 DEBUG 3383 --- [           main] o.s.b.f.s.DefaultListableBeanFactory     : Autowiring by type from bean name 'jsonMixinModuleEntries' via factory method to bean named 'org.springframework.web.context.support.GenericWebApplicationContext@2755d705'
2025-02-05T10:30:29.007-06:00 DEBUG 3383 --- [           main] o.s.b.f.s.DefaultListableBeanFactory     : Autowiring by type from bean name 'jsonMixinModule' via factory method to bean named 'org.springframework.web.context.support.GenericWebApplicationContext@2755d705'
2025-02-05T10:30:29.008-06:00 DEBUG 3383 --- [           main] o.s.b.f.s.DefaultListableBeanFactory     : Autowiring by type from bean name 'jsonMixinModule' via factory method to bean named 'jsonMixinModuleEntries'
2025-02-05T10:30:29.009-06:00 DEBUG 3383 --- [           main] o.s.b.f.s.DefaultListableBeanFactory     : Creating shared instance of singleton bean 'jsonComponentModule'
2025-02-05T10:30:29.010-06:00 DEBUG 3383 --- [           main] o.s.b.f.s.DefaultListableBeanFactory     : Creating shared instance of singleton bean 'org.springframework.boot.autoconfigure.jackson.JacksonAutoConfiguration'
2025-02-05T10:30:29.013-06:00 DEBUG 3383 --- [           main] o.s.b.f.s.DefaultListableBeanFactory     : Creating shared instance of singleton bean 'jacksonGeoModule'
2025-02-05T10:30:29.013-06:00 DEBUG 3383 --- [           main] o.s.b.f.s.DefaultListableBeanFactory     : Creating shared instance of singleton bean 'org.springframework.data.web.config.SpringDataJacksonConfiguration'
2025-02-05T10:30:29.016-06:00 DEBUG 3383 --- [           main] o.s.b.f.s.DefaultListableBeanFactory     : Creating shared instance of singleton bean 'pageModule'
2025-02-05T10:30:29.018-06:00 DEBUG 3383 --- [           main] o.s.b.f.s.DefaultListableBeanFactory     : Autowiring by type from bean name 'jacksonObjectMapperBuilder' via factory method to bean named 'org.springframework.web.context.support.GenericWebApplicationContext@2755d705'
2025-02-05T10:30:29.018-06:00 DEBUG 3383 --- [           main] o.s.b.f.s.DefaultListableBeanFactory     : Autowiring by type from bean name 'jacksonObjectMapperBuilder' via factory method to bean named 'standardJacksonObjectMapperBuilderCustomizer'
2025-02-05T10:30:29.020-06:00 DEBUG 3383 --- [           main] o.s.b.f.s.DefaultListableBeanFactory     : Autowiring by type from bean name 'jacksonObjectMapper' via factory method to bean named 'jacksonObjectMapperBuilder'
2025-02-05T10:30:29.031-06:00 DEBUG 3383 --- [           main] o.s.b.f.s.DefaultListableBeanFactory     : Autowiring by type from bean name 'hypermediaWebMvcConfigurer' via factory method to bean named 'hypermediaWebMvcConverters'
2025-02-05T10:30:29.032-06:00 DEBUG 3383 --- [           main] o.s.b.f.s.DefaultListableBeanFactory     : Creating shared instance of singleton bean 'org.springframework.data.rest.webmvc.config.RepositoryRestMvcConfiguration'
2025-02-05T10:30:29.032-06:00 DEBUG 3383 --- [           main] o.s.b.f.s.DefaultListableBeanFactory     : Autowiring by type from bean name 'org.springframework.data.rest.webmvc.config.RepositoryRestMvcConfiguration' via constructor to bean named 'org.springframework.web.context.support.GenericWebApplicationContext@2755d705'
2025-02-05T10:30:29.092-06:00 DEBUG 3383 --- [           main] o.s.b.f.s.DefaultListableBeanFactory     : Creating shared instance of singleton bean 'mvcHandlerMappingIntrospectorRequestTransformer'
2025-02-05T10:30:29.093-06:00 DEBUG 3383 --- [           main] o.s.b.f.s.DefaultListableBeanFactory     : Creating shared instance of singleton bean 'mvcHandlerMappingIntrospector'
2025-02-05T10:30:29.097-06:00 DEBUG 3383 --- [           main] o.s.b.f.s.DefaultListableBeanFactory     : Creating shared instance of singleton bean 'welcomePageHandlerMapping'
2025-02-05T10:30:29.097-06:00 DEBUG 3383 --- [           main] o.s.b.f.s.DefaultListableBeanFactory     : Creating shared instance of singleton bean 'mvcConversionService'
2025-02-05T10:30:29.098-06:00 DEBUG 3383 --- [           main] o.s.b.f.s.DefaultListableBeanFactory     : Creating shared instance of singleton bean 'jsonSchemaConverter'
2025-02-05T10:30:29.099-06:00 DEBUG 3383 --- [           main] o.s.b.f.s.DefaultListableBeanFactory     : Creating shared instance of singleton bean 'persistentEntities'
2025-02-05T10:30:29.101-06:00 DEBUG 3383 --- [           main] o.s.b.f.s.DefaultListableBeanFactory     : Creating shared instance of singleton bean 'associationLinks'
2025-02-05T10:30:29.102-06:00 DEBUG 3383 --- [           main] o.s.b.f.s.DefaultListableBeanFactory     : Creating shared instance of singleton bean 'resourceMappings'
2025-02-05T10:30:29.102-06:00 DEBUG 3383 --- [           main] o.s.b.f.s.DefaultListableBeanFactory     : Creating shared instance of singleton bean 'repositories'
2025-02-05T10:30:29.105-06:00 DEBUG 3383 --- [           main] o.s.b.f.s.DefaultListableBeanFactory     : Creating shared instance of singleton bean 'countryRepository'
2025-02-05T10:30:29.106-06:00 DEBUG 3383 --- [           main] o.s.b.f.s.DefaultListableBeanFactory     : Creating shared instance of singleton bean 'jpa.named-queries#4'
2025-02-05T10:30:29.106-06:00 DEBUG 3383 --- [           main] o.s.b.f.s.DefaultListableBeanFactory     : Creating shared instance of singleton bean 'jpa.CountryRepository.fragments#0'
2025-02-05T10:30:29.107-06:00 DEBUG 3383 --- [           main] tor$SharedEntityManagerInvocationHandler : Creating new EntityManager for shared EntityManager invocation
2025-02-05T10:30:29.111-06:00 DEBUG 3383 --- [           main] o.s.d.r.c.s.RepositoryFactorySupport     : Initializing repository instance for com.webapp.ecommerce_spring_boot.dao.CountryRepository…
2025-02-05T10:30:29.111-06:00 DEBUG 3383 --- [           main] tor$SharedEntityManagerInvocationHandler : Creating new EntityManager for shared EntityManager invocation
2025-02-05T10:30:29.122-06:00 DEBUG 3383 --- [           main] o.s.d.r.c.s.RepositoryFactorySupport     : Finished creation of repository instance for com.webapp.ecommerce_spring_boot.dao.CountryRepository.
2025-02-05T10:30:29.123-06:00 DEBUG 3383 --- [           main] o.s.b.f.s.DefaultListableBeanFactory     : Creating shared instance of singleton bean 'stateRepository'
2025-02-05T10:30:29.124-06:00 DEBUG 3383 --- [           main] o.s.b.f.s.DefaultListableBeanFactory     : Creating shared instance of singleton bean 'jpa.named-queries#5'
2025-02-05T10:30:29.124-06:00 DEBUG 3383 --- [           main] o.s.b.f.s.DefaultListableBeanFactory     : Creating shared instance of singleton bean 'jpa.StateRepository.fragments#0'
2025-02-05T10:30:29.125-06:00 DEBUG 3383 --- [           main] tor$SharedEntityManagerInvocationHandler : Creating new EntityManager for shared EntityManager invocation
2025-02-05T10:30:29.125-06:00 DEBUG 3383 --- [           main] o.s.d.r.c.s.RepositoryFactorySupport     : Initializing repository instance for com.webapp.ecommerce_spring_boot.dao.StateRepository…
2025-02-05T10:30:29.125-06:00 DEBUG 3383 --- [           main] tor$SharedEntityManagerInvocationHandler : Creating new EntityManager for shared EntityManager invocation
2025-02-05T10:30:29.138-06:00 DEBUG 3383 --- [           main] o.s.d.jpa.repository.query.NamedQuery    : Looking up named query State.findByCountryCode
2025-02-05T10:30:29.139-06:00 DEBUG 3383 --- [           main] o.s.d.jpa.repository.query.NamedQuery    : Did not find named query State.findByCountryCode
2025-02-05T10:30:29.139-06:00 DEBUG 3383 --- [           main] tor$SharedEntityManagerInvocationHandler : Creating new EntityManager for shared EntityManager invocation
2025-02-05T10:30:29.142-06:00 DEBUG 3383 --- [           main] o.s.d.r.c.s.RepositoryFactorySupport     : Finished creation of repository instance for com.webapp.ecommerce_spring_boot.dao.StateRepository.
2025-02-05T10:30:29.143-06:00 DEBUG 3383 --- [           main] o.s.b.f.s.DefaultListableBeanFactory     : Creating shared instance of singleton bean 'productCategoryRepository'
2025-02-05T10:30:29.144-06:00 DEBUG 3383 --- [           main] o.s.b.f.s.DefaultListableBeanFactory     : Creating shared instance of singleton bean 'jpa.named-queries#6'
2025-02-05T10:30:29.144-06:00 DEBUG 3383 --- [           main] o.s.b.f.s.DefaultListableBeanFactory     : Creating shared instance of singleton bean 'jpa.ProductCategoryRepository.fragments#0'
2025-02-05T10:30:29.145-06:00 DEBUG 3383 --- [           main] tor$SharedEntityManagerInvocationHandler : Creating new EntityManager for shared EntityManager invocation
2025-02-05T10:30:29.145-06:00 DEBUG 3383 --- [           main] o.s.d.r.c.s.RepositoryFactorySupport     : Initializing repository instance for com.webapp.ecommerce_spring_boot.dao.ProductCategoryRepository…
2025-02-05T10:30:29.146-06:00 DEBUG 3383 --- [           main] tor$SharedEntityManagerInvocationHandler : Creating new EntityManager for shared EntityManager invocation
2025-02-05T10:30:29.160-06:00 DEBUG 3383 --- [           main] o.s.d.r.c.s.RepositoryFactorySupport     : Finished creation of repository instance for com.webapp.ecommerce_spring_boot.dao.ProductCategoryRepository.
2025-02-05T10:30:29.162-06:00 DEBUG 3383 --- [           main] o.s.b.f.s.DefaultListableBeanFactory     : Creating shared instance of singleton bean 'repositoryRestConfiguration'
2025-02-05T10:30:29.175-06:00 DEBUG 3383 --- [           main] o.s.b.f.s.DefaultListableBeanFactory     : Creating shared instance of singleton bean 'springBootRepositoryRestConfigurer'
2025-02-05T10:30:29.176-06:00 DEBUG 3383 --- [           main] o.s.b.f.s.DefaultListableBeanFactory     : Creating shared instance of singleton bean 'org.springframework.boot.autoconfigure.data.rest.RepositoryRestMvcAutoConfiguration'
2025-02-05T10:30:29.177-06:00 DEBUG 3383 --- [           main] o.s.b.f.s.DefaultListableBeanFactory     : Creating shared instance of singleton bean 'spring.data.rest-org.springframework.boot.autoconfigure.data.rest.RepositoryRestProperties'
2025-02-05T10:30:29.179-06:00 DEBUG 3383 --- [           main] o.s.b.f.s.DefaultListableBeanFactory     : Autowiring by type from bean name 'springBootRepositoryRestConfigurer' via factory method to bean named 'spring.data.rest-org.springframework.boot.autoconfigure.data.rest.RepositoryRestProperties'
2025-02-05T10:30:29.201-06:00 DEBUG 3383 --- [           main] o.s.b.f.s.DefaultListableBeanFactory     : Autowiring by type from bean name 'resourceMappings' via factory method to bean named 'repositories'
2025-02-05T10:30:29.201-06:00 DEBUG 3383 --- [           main] o.s.b.f.s.DefaultListableBeanFactory     : Autowiring by type from bean name 'resourceMappings' via factory method to bean named 'persistentEntities'
2025-02-05T10:30:29.201-06:00 DEBUG 3383 --- [           main] o.s.b.f.s.DefaultListableBeanFactory     : Autowiring by type from bean name 'resourceMappings' via factory method to bean named 'repositoryRestConfiguration'
2025-02-05T10:30:29.226-06:00 DEBUG 3383 --- [           main] o.s.b.f.s.DefaultListableBeanFactory     : Autowiring by type from bean name 'associationLinks' via factory method to bean named 'resourceMappings'
2025-02-05T10:30:29.226-06:00 DEBUG 3383 --- [           main] o.s.b.f.s.DefaultListableBeanFactory     : Autowiring by type from bean name 'associationLinks' via factory method to bean named 'repositoryRestConfiguration'
2025-02-05T10:30:29.228-06:00 DEBUG 3383 --- [           main] o.s.b.f.s.DefaultListableBeanFactory     : Creating shared instance of singleton bean 'repositoryInvokerFactory'
2025-02-05T10:30:29.231-06:00 DEBUG 3383 --- [           main] o.s.b.f.s.DefaultListableBeanFactory     : Autowiring by type from bean name 'jsonSchemaConverter' via factory method to bean named 'persistentEntities'
2025-02-05T10:30:29.232-06:00 DEBUG 3383 --- [           main] o.s.b.f.s.DefaultListableBeanFactory     : Autowiring by type from bean name 'jsonSchemaConverter' via factory method to bean named 'associationLinks'
2025-02-05T10:30:29.232-06:00 DEBUG 3383 --- [           main] o.s.b.f.s.DefaultListableBeanFactory     : Autowiring by type from bean name 'jsonSchemaConverter' via factory method to bean named 'repositoryInvokerFactory'
2025-02-05T10:30:29.232-06:00 DEBUG 3383 --- [           main] o.s.b.f.s.DefaultListableBeanFactory     : Autowiring by type from bean name 'jsonSchemaConverter' via factory method to bean named 'repositoryRestConfiguration'
2025-02-05T10:30:29.239-06:00 DEBUG 3383 --- [           main] o.s.b.f.s.DefaultListableBeanFactory     : Creating shared instance of singleton bean 'linkCollector'
2025-02-05T10:30:29.240-06:00 DEBUG 3383 --- [           main] o.s.b.f.s.DefaultListableBeanFactory     : Creating shared instance of singleton bean 'selfLinkProvider'
2025-02-05T10:30:29.243-06:00 DEBUG 3383 --- [           main] o.s.b.f.s.DefaultListableBeanFactory     : Creating shared instance of singleton bean 'entityLinks'
2025-02-05T10:30:29.245-06:00 DEBUG 3383 --- [           main] o.s.b.f.s.DefaultListableBeanFactory     : Creating shared instance of singleton bean 'backendIdConverterRegistry'
2025-02-05T10:30:29.247-06:00 DEBUG 3383 --- [           main] o.s.b.f.s.DefaultListableBeanFactory     : Autowiring by type from bean name 'entityLinks' via factory method to bean named 'repositories'
2025-02-05T10:30:29.248-06:00 DEBUG 3383 --- [           main] o.s.b.f.s.DefaultListableBeanFactory     : Autowiring by type from bean name 'entityLinks' via factory method to bean named 'resourceMappings'
2025-02-05T10:30:29.248-06:00 DEBUG 3383 --- [           main] o.s.b.f.s.DefaultListableBeanFactory     : Autowiring by type from bean name 'entityLinks' via factory method to bean named 'backendIdConverterRegistry'
2025-02-05T10:30:29.248-06:00 DEBUG 3383 --- [           main] o.s.b.f.s.DefaultListableBeanFactory     : Autowiring by type from bean name 'entityLinks' via factory method to bean named 'repositoryRestConfiguration'
2025-02-05T10:30:29.252-06:00 DEBUG 3383 --- [           main] o.s.b.f.s.DefaultListableBeanFactory     : Autowiring by type from bean name 'selfLinkProvider' via factory method to bean named 'persistentEntities'
2025-02-05T10:30:29.253-06:00 DEBUG 3383 --- [           main] o.s.b.f.s.DefaultListableBeanFactory     : Autowiring by type from bean name 'selfLinkProvider' via factory method to bean named 'entityLinks'
2025-02-05T10:30:29.254-06:00 DEBUG 3383 --- [           main] o.s.b.f.s.DefaultListableBeanFactory     : Creating shared instance of singleton bean 'mvcConversionService'
2025-02-05T10:30:29.256-06:00 DEBUG 3383 --- [           main] o.s.b.f.s.DefaultListableBeanFactory     : Creating shared instance of singleton bean 'jwtAuthenticationConverter'
2025-02-05T10:30:29.266-06:00 DEBUG 3383 --- [           main] o.s.b.f.s.DefaultListableBeanFactory     : Creating shared instance of singleton bean 'mvcResourceUrlProvider'
2025-02-05T10:30:29.269-06:00 DEBUG 3383 --- [           main] o.s.b.f.s.DefaultListableBeanFactory     : Autowiring by type from bean name 'welcomePageHandlerMapping' via factory method to bean named 'org.springframework.web.context.support.GenericWebApplicationContext@2755d705'
2025-02-05T10:30:29.269-06:00 DEBUG 3383 --- [           main] o.s.b.f.s.DefaultListableBeanFactory     : Autowiring by type from bean name 'welcomePageHandlerMapping' via factory method to bean named 'mvcConversionService'
2025-02-05T10:30:29.269-06:00 DEBUG 3383 --- [           main] o.s.b.f.s.DefaultListableBeanFactory     : Autowiring by type from bean name 'welcomePageHandlerMapping' via factory method to bean named 'mvcResourceUrlProvider'
2025-02-05T10:30:29.291-06:00 DEBUG 3383 --- [           main] o.s.b.f.s.DefaultListableBeanFactory     : Creating shared instance of singleton bean 'welcomePageNotAcceptableHandlerMapping'
2025-02-05T10:30:29.292-06:00 DEBUG 3383 --- [           main] o.s.b.f.s.DefaultListableBeanFactory     : Autowiring by type from bean name 'welcomePageNotAcceptableHandlerMapping' via factory method to bean named 'org.springframework.web.context.support.GenericWebApplicationContext@2755d705'
2025-02-05T10:30:29.292-06:00 DEBUG 3383 --- [           main] o.s.b.f.s.DefaultListableBeanFactory     : Autowiring by type from bean name 'welcomePageNotAcceptableHandlerMapping' via factory method to bean named 'mvcConversionService'
2025-02-05T10:30:29.292-06:00 DEBUG 3383 --- [           main] o.s.b.f.s.DefaultListableBeanFactory     : Autowiring by type from bean name 'welcomePageNotAcceptableHandlerMapping' via factory method to bean named 'mvcResourceUrlProvider'
2025-02-05T10:30:29.295-06:00 DEBUG 3383 --- [           main] o.s.b.f.s.DefaultListableBeanFactory     : Creating shared instance of singleton bean 'requestMappingHandlerMapping'
2025-02-05T10:30:29.296-06:00 DEBUG 3383 --- [           main] o.s.b.f.s.DefaultListableBeanFactory     : Autowiring by type from bean name 'requestMappingHandlerMapping' via factory method to bean named 'mvcContentNegotiationManager'
2025-02-05T10:30:29.296-06:00 DEBUG 3383 --- [           main] o.s.b.f.s.DefaultListableBeanFactory     : Autowiring by type from bean name 'requestMappingHandlerMapping' via factory method to bean named 'mvcConversionService'
2025-02-05T10:30:29.296-06:00 DEBUG 3383 --- [           main] o.s.b.f.s.DefaultListableBeanFactory     : Autowiring by type from bean name 'requestMappingHandlerMapping' via factory method to bean named 'mvcResourceUrlProvider'
2025-02-05T10:30:29.327-06:00 DEBUG 3383 --- [           main] s.w.s.m.m.a.RequestMappingHandlerMapping : 10 mappings in 'requestMappingHandlerMapping'
2025-02-05T10:30:29.330-06:00 DEBUG 3383 --- [           main] o.s.b.f.s.DefaultListableBeanFactory     : Creating shared instance of singleton bean 'viewControllerHandlerMapping'
2025-02-05T10:30:29.331-06:00 DEBUG 3383 --- [           main] o.s.b.f.s.DefaultListableBeanFactory     : Autowiring by type from bean name 'viewControllerHandlerMapping' via factory method to bean named 'mvcConversionService'
2025-02-05T10:30:29.331-06:00 DEBUG 3383 --- [           main] o.s.b.f.s.DefaultListableBeanFactory     : Autowiring by type from bean name 'viewControllerHandlerMapping' via factory method to bean named 'mvcResourceUrlProvider'
2025-02-05T10:30:29.331-06:00 DEBUG 3383 --- [           main] o.s.b.f.s.DefaultListableBeanFactory     : Creating shared instance of singleton bean 'beanNameHandlerMapping'
2025-02-05T10:30:29.332-06:00 DEBUG 3383 --- [           main] o.s.b.f.s.DefaultListableBeanFactory     : Autowiring by type from bean name 'beanNameHandlerMapping' via factory method to bean named 'mvcConversionService'
2025-02-05T10:30:29.332-06:00 DEBUG 3383 --- [           main] o.s.b.f.s.DefaultListableBeanFactory     : Autowiring by type from bean name 'beanNameHandlerMapping' via factory method to bean named 'mvcResourceUrlProvider'
2025-02-05T10:30:29.334-06:00 DEBUG 3383 --- [           main] o.s.b.f.s.DefaultListableBeanFactory     : Creating shared instance of singleton bean 'routerFunctionMapping'
2025-02-05T10:30:29.335-06:00 DEBUG 3383 --- [           main] o.s.b.f.s.DefaultListableBeanFactory     : Autowiring by type from bean name 'routerFunctionMapping' via factory method to bean named 'mvcConversionService'
2025-02-05T10:30:29.335-06:00 DEBUG 3383 --- [           main] o.s.b.f.s.DefaultListableBeanFactory     : Autowiring by type from bean name 'routerFunctionMapping' via factory method to bean named 'mvcResourceUrlProvider'
2025-02-05T10:30:29.336-06:00 DEBUG 3383 --- [           main] o.s.b.f.s.DefaultListableBeanFactory     : Creating shared instance of singleton bean 'messageConverters'
[...]
      Did not match:
         - @ConditionalOnClass did not find required class 'com.rabbitmq.client.Channel' (OnClassCondition)

   ReactiveElasticsearchClientAutoConfiguration:
      Did not match:
         - @ConditionalOnClass did not find required class 'co.elastic.clients.transport.ElasticsearchTransport' (OnClassCondition)

   ReactiveElasticsearchRepositoriesAutoConfiguration:
      Did not match:
         - @ConditionalOnClass did not find required class 'org.springframework.data.elasticsearch.client.elc.ReactiveElasticsearchClient' (OnClassCondition)

   ReactiveMultipartAutoConfiguration:
      Did not match:
         - @ConditionalOnClass did not find required class 'org.springframework.web.reactive.config.WebFluxConfigurer' (OnClassCondition)

   ReactiveOAuth2ClientAutoConfiguration:
      Did not match:
         - @ConditionalOnClass did not find required class 'reactor.core.publisher.Flux' (OnClassCondition)

   ReactiveOAuth2ResourceServerAutoConfiguration:
      Did not match:
         - @ConditionalOnWebApplication did not find reactive web application classes (OnWebApplicationCondition)

   ReactiveSecurityAutoConfiguration:
      Did not match:
         - @ConditionalOnClass did not find required class 'reactor.core.publisher.Flux' (OnClassCondition)

   ReactiveUserDetailsServiceAutoConfiguration:
      Did not match:
         - AnyNestedCondition 0 matched 3 did not; NestedCondition on ReactiveUserDetailsServiceAutoConfiguration.MissingAlternativeOrUserPropertiesConfigured.PasswordConfigured @ConditionalOnProperty (spring.security.user.password) did not find property 'password'; NestedCondition on ReactiveUserDetailsServiceAutoConfiguration.MissingAlternativeOrUserPropertiesConfigured.NameConfigured @ConditionalOnProperty (spring.security.user.name) did not find property 'name'; NestedCondition on ReactiveUserDetailsServiceAutoConfiguration.MissingAlternativeOrUserPropertiesConfigured.MissingAlternative @ConditionalOnMissingClass found unwanted class 'org.springframework.security.oauth2.server.resource.introspection.ReactiveOpaqueTokenIntrospector' (ReactiveUserDetailsServiceAutoConfiguration.MissingAlternativeOrUserPropertiesConfigured)
      Matched:
         - @ConditionalOnClass found required class 'org.springframework.security.authentication.ReactiveAuthenticationManager' (OnClassCondition)

   ReactiveWebServerFactoryAutoConfiguration:
      Did not match:
         - @ConditionalOnWebApplication did not find reactive web application classes (OnWebApplicationCondition)

   ReactorAutoConfiguration:
      Did not match:
         - @ConditionalOnClass did not find required class 'reactor.core.publisher.Hooks' (OnClassCondition)

   RedisAutoConfiguration:
      Did not match:
         - @ConditionalOnClass did not find required class 'org.springframework.data.redis.core.RedisOperations' (OnClassCondition)

   RedisCacheConfiguration:
      Did not match:
         - @ConditionalOnClass did not find required class 'org.springframework.data.redis.connection.RedisConnectionFactory' (OnClassCondition)

   RedisReactiveAutoConfiguration:
      Did not match:
         - @ConditionalOnClass did not find required class 'reactor.core.publisher.Flux' (OnClassCondition)

   RedisRepositoriesAutoConfiguration:
      Did not match:
         - @ConditionalOnClass did not find required class 'org.springframework.data.redis.repository.configuration.EnableRedisRepositories' (OnClassCondition)

   Saml2RelyingPartyAutoConfiguration:
      Did not match:
         - @ConditionalOnClass did not find required class 'org.springframework.security.saml2.provider.service.registration.RelyingPartyRegistrationRepository' (OnClassCondition)

   SecurityDataConfiguration:
      Did not match:
         - @ConditionalOnClass did not find required class 'org.springframework.security.data.repository.query.SecurityEvaluationContextExtension' (OnClassCondition)

   SendGridAutoConfiguration:
      Did not match:
         - @ConditionalOnClass did not find required class 'com.sendgrid.SendGrid' (OnClassCondition)

   ServletWebServerFactoryAutoConfiguration.ForwardedHeaderFilterConfiguration:
      Did not match:
         - @ConditionalOnProperty (server.forward-headers-strategy=framework) did not find property 'server.forward-headers-strategy' (OnPropertyCondition)

   ServletWebServerFactoryConfiguration.EmbeddedJetty:
      Did not match:
         - @ConditionalOnClass did not find required classes 'org.eclipse.jetty.server.Server', 'org.eclipse.jetty.util.Loader', 'org.eclipse.jetty.ee10.webapp.WebAppContext' (OnClassCondition)

   ServletWebServerFactoryConfiguration.EmbeddedUndertow:
      Did not match:
         - @ConditionalOnClass did not find required classes 'io.undertow.Undertow', 'org.xnio.SslClientAuthMode' (OnClassCondition)

   SessionAutoConfiguration:
      Did not match:
         - @ConditionalOnClass did not find required class 'org.springframework.session.Session' (OnClassCondition)

   SpringApplicationAdminJmxAutoConfiguration:
      Did not match:
         - @ConditionalOnProperty (spring.application.admin.enabled=true) did not find property 'enabled' (OnPropertyCondition)

   SpringBootWebSecurityConfiguration.SecurityFilterChainConfiguration:
      Did not match:
         - AllNestedConditions 1 matched 1 did not; NestedCondition on DefaultWebSecurityCondition.Beans @ConditionalOnMissingBean (types: org.springframework.security.web.SecurityFilterChain; SearchStrategy: all) found beans of type 'org.springframework.security.web.SecurityFilterChain' securityFilterChain; NestedCondition on DefaultWebSecurityCondition.Classes @ConditionalOnClass found required classes 'org.springframework.security.web.SecurityFilterChain', 'org.springframework.security.config.annotation.web.builders.HttpSecurity' (DefaultWebSecurityCondition)

   SpringBootWebSecurityConfiguration.WebSecurityEnablerConfiguration:
      Did not match:
         - @ConditionalOnMissingBean (names: springSecurityFilterChain; SearchStrategy: all) found beans named springSecurityFilterChain (OnBeanCondition)
      Matched:
         - @ConditionalOnClass found required class 'org.springframework.security.config.annotation.web.configuration.EnableWebSecurity' (OnClassCondition)

   SpringDataWebAutoConfiguration:
      Did not match:
         - @ConditionalOnMissingBean (types: org.springframework.data.web.PageableHandlerMethodArgumentResolver; SearchStrategy: all) found beans of type 'org.springframework.data.web.PageableHandlerMethodArgumentResolver' pageableResolver (OnBeanCondition)
      Matched:
         - @ConditionalOnClass found required classes 'org.springframework.data.web.PageableHandlerMethodArgumentResolver', 'org.springframework.web.servlet.config.annotation.WebMvcConfigurer' (OnClassCondition)
         - found 'session' scope (OnWebApplicationCondition)

   TaskExecutorConfigurations.SimpleAsyncTaskExecutorBuilderConfiguration#simpleAsyncTaskExecutorBuilderVirtualThreads:
      Did not match:
         - @ConditionalOnMissingBean (types: org.springframework.boot.task.SimpleAsyncTaskExecutorBuilder; SearchStrategy: all) found beans of type 'org.springframework.boot.task.SimpleAsyncTaskExecutorBuilder' simpleAsyncTaskExecutorBuilder (OnBeanCondition)

   TaskExecutorConfigurations.TaskExecutorConfiguration#applicationTaskExecutorVirtualThreads:
      Did not match:
         - @ConditionalOnThreading did not find VIRTUAL (OnThreadingCondition)

   TaskSchedulingAutoConfiguration#scheduledBeanLazyInitializationExcludeFilter:
      Did not match:
         - @ConditionalOnBean (names: org.springframework.context.annotation.internalScheduledAnnotationProcessor; SearchStrategy: all) did not find any beans named org.springframework.context.annotation.internalScheduledAnnotationProcessor (OnBeanCondition)

   TaskSchedulingConfigurations.SimpleAsyncTaskSchedulerBuilderConfiguration#simpleAsyncTaskSchedulerBuilderVirtualThreads:
      Did not match:
         - @ConditionalOnMissingBean (types: org.springframework.boot.task.SimpleAsyncTaskSchedulerBuilder; SearchStrategy: all) found beans of type 'org.springframework.boot.task.SimpleAsyncTaskSchedulerBuilder' simpleAsyncTaskSchedulerBuilder (OnBeanCondition)

   TaskSchedulingConfigurations.TaskSchedulerConfiguration:
      Did not match:
         - @ConditionalOnBean (names: org.springframework.context.annotation.internalScheduledAnnotationProcessor; SearchStrategy: all) did not find any beans named org.springframework.context.annotation.internalScheduledAnnotationProcessor (OnBeanCondition)

   ThymeleafAutoConfiguration:
      Did not match:
         - @ConditionalOnClass did not find required class 'org.thymeleaf.spring6.SpringTemplateEngine' (OnClassCondition)

   TransactionAutoConfiguration#transactionalOperator:
      Did not match:
         - @ConditionalOnSingleCandidate (types: org.springframework.transaction.ReactiveTransactionManager; SearchStrategy: all) did not find any beans (OnBeanCondition)

   TransactionAutoConfiguration.AspectJTransactionManagementConfiguration:
      Did not match:
         - @ConditionalOnBean (types: org.springframework.transaction.aspectj.AbstractTransactionAspect; SearchStrategy: all) did not find any beans of type org.springframework.transaction.aspectj.AbstractTransactionAspect (OnBeanCondition)

   TransactionAutoConfiguration.EnableTransactionManagementConfiguration.JdkDynamicAutoProxyConfiguration:
      Did not match:
         - @ConditionalOnProperty (spring.aop.proxy-target-class=false) did not find property 'proxy-target-class' (OnPropertyCondition)

   UserDetailsServiceAutoConfiguration:
      Did not match:
         - AnyNestedCondition 0 matched 3 did not; NestedCondition on UserDetailsServiceAutoConfiguration.MissingAlternativeOrUserPropertiesConfigured.PasswordConfigured @ConditionalOnProperty (spring.security.user.password) did not find property 'password'; NestedCondition on UserDetailsServiceAutoConfiguration.MissingAlternativeOrUserPropertiesConfigured.NameConfigured @ConditionalOnProperty (spring.security.user.name) did not find property 'name'; NestedCondition on UserDetailsServiceAutoConfiguration.MissingAlternativeOrUserPropertiesConfigured.MissingAlternative @ConditionalOnMissingClass found unwanted class 'org.springframework.security.oauth2.server.resource.introspection.OpaqueTokenIntrospector' (UserDetailsServiceAutoConfiguration.MissingAlternativeOrUserPropertiesConfigured)
      Matched:
         - @ConditionalOnClass found required class 'org.springframework.security.authentication.AuthenticationManager' (OnClassCondition)

   ValidationAutoConfiguration:
      Did not match:
         - @ConditionalOnClass did not find required class 'jakarta.validation.executable.ExecutableValidator' (OnClassCondition)

   WebClientAutoConfiguration:
      Did not match:
         - @ConditionalOnClass did not find required class 'org.springframework.web.reactive.function.client.WebClient' (OnClassCondition)

   WebFluxAutoConfiguration:
      Did not match:
         - @ConditionalOnClass did not find required class 'org.springframework.web.reactive.config.WebFluxConfigurer' (OnClassCondition)

   WebMvcAutoConfiguration#hiddenHttpMethodFilter:
      Did not match:
         - @ConditionalOnProperty (spring.mvc.hiddenmethod.filter.enabled) did not find property 'enabled' (OnPropertyCondition)

   WebMvcAutoConfiguration.ProblemDetailsErrorHandlingConfiguration:
      Did not match:
         - @ConditionalOnProperty (spring.mvc.problemdetails.enabled=true) did not find property 'enabled' (OnPropertyCondition)

   WebMvcAutoConfiguration.ResourceChainCustomizerConfiguration:
      Did not match:
         - @ConditionalOnEnabledResourceChain did not find class org.webjars.WebJarAssetLocator (OnEnabledResourceChainCondition)

   WebMvcAutoConfiguration.WebMvcAutoConfigurationAdapter#beanNameViewResolver:
      Did not match:
         - @ConditionalOnMissingBean (types: org.springframework.web.servlet.view.BeanNameViewResolver; SearchStrategy: all) found beans of type 'org.springframework.web.servlet.view.BeanNameViewResolver' beanNameViewResolver (OnBeanCondition)

   WebServiceTemplateAutoConfiguration:
      Did not match:
         - @ConditionalOnClass did not find required class 'org.springframework.oxm.Marshaller' (OnClassCondition)

   WebServicesAutoConfiguration:
      Did not match:
         - @ConditionalOnClass did not find required class 'org.springframework.ws.transport.http.MessageDispatcherServlet' (OnClassCondition)

   WebSessionIdResolverAutoConfiguration:
      Did not match:
         - @ConditionalOnClass did not find required class 'reactor.core.publisher.Mono' (OnClassCondition)

   WebSocketMessagingAutoConfiguration:
      Did not match:
         - @ConditionalOnClass did not find required class 'org.springframework.web.socket.config.annotation.WebSocketMessageBrokerConfigurer' (OnClassCondition)

   WebSocketReactiveAutoConfiguration:
      Did not match:
         - @ConditionalOnWebApplication did not find reactive web application classes (OnWebApplicationCondition)

   WebSocketServletAutoConfiguration.JettyWebSocketConfiguration:
      Did not match:
         - @ConditionalOnClass did not find required class 'org.eclipse.jetty.ee10.websocket.jakarta.server.config.JakartaWebSocketServletContainerInitializer' (OnClassCondition)

   WebSocketServletAutoConfiguration.UndertowWebSocketConfiguration:
      Did not match:
         - @ConditionalOnClass did not find required class 'io.undertow.websockets.jsr.Bootstrap' (OnClassCondition)

   XADataSourceAutoConfiguration:
      Did not match:
         - @ConditionalOnBean (types: org.springframework.boot.jdbc.XADataSourceWrapper; SearchStrategy: all) did not find any beans of type org.springframework.boot.jdbc.XADataSourceWrapper (OnBeanCondition)
      Matched:
         - @ConditionalOnClass found required classes 'javax.sql.DataSource', 'jakarta.transaction.TransactionManager', 'org.springframework.jdbc.datasource.embedded.EmbeddedDatabaseType' (OnClassCondition)


Exclusions:
-----------

    None


Unconditional classes:
----------------------

    org.springframework.boot.autoconfigure.context.ConfigurationPropertiesAutoConfiguration

    org.springframework.boot.autoconfigure.ssl.SslAutoConfiguration

    org.springframework.boot.autoconfigure.context.LifecycleAutoConfiguration

    org.springframework.boot.autoconfigure.context.PropertyPlaceholderAutoConfiguration

    org.springframework.boot.autoconfigure.availability.ApplicationAvailabilityAutoConfiguration

    org.springframework.boot.autoconfigure.info.ProjectInfoAutoConfiguration



2025-02-05T10:30:29.973-06:00  INFO 3383 --- [           main] .w.e.EcommerceSpringBootApplicationTests : Started EcommerceSpringBootApplicationTests in 5.054 seconds (process running for 5.891)
2025-02-05T10:30:29.975-06:00 DEBUG 3383 --- [           main] o.s.b.a.ApplicationAvailabilityBean      : Application availability state LivenessState changed to CORRECT
2025-02-05T10:30:29.977-06:00 DEBUG 3383 --- [           main] o.s.b.a.ApplicationAvailabilityBean      : Application availability state ReadinessState changed to ACCEPTING_TRAFFIC
2025-02-05T10:30:29.979-06:00 DEBUG 3383 --- [           main] org.springframework.test.context.cache   : Spring test ApplicationContext cache statistics: [DefaultContextCache@13437ce5 size = 1, maxSize = 32, parentContextCount = 0, hitCount = 0, missCount = 1, failureCount = 0]
2025-02-05T10:30:29.979-06:00 DEBUG 3383 --- [           main] o.s.t.c.w.ServletTestExecutionListener   : Setting up MockHttpServletRequest, MockHttpServletResponse, ServletWebRequest, and RequestContextHolder for test class com.webapp.ecommerce_spring_boot.EcommerceSpringBootApplicationTests
2025-02-05T10:30:29.988-06:00 DEBUG 3383 --- [           main] DependencyInjectionTestExecutionListener : Performing dependency injection for test class com.webapp.ecommerce_spring_boot.EcommerceSpringBootApplicationTests
2025-02-05T10:30:29.988-06:00 DEBUG 3383 --- [           main] org.springframework.test.context.cache   : Spring test ApplicationContext cache statistics: [DefaultContextCache@13437ce5 size = 1, maxSize = 32, parentContextCount = 0, hitCount = 1, missCount = 1, failureCount = 0]
2025-02-05T10:30:29.991-06:00 DEBUG 3383 --- [           main] org.springframework.test.context.cache   : Spring test ApplicationContext cache statistics: [DefaultContextCache@13437ce5 size = 1, maxSize = 32, parentContextCount = 0, hitCount = 2, missCount = 1, failureCount = 0]
2025-02-05T10:30:29.998-06:00 DEBUG 3383 --- [           main] sContextBeforeModesTestExecutionListener : Before test method: class [EcommerceSpringBootApplicationTests], method [contextLoads], class annotated with @DirtiesContext [false] with mode [null], method annotated with @DirtiesContext [false] with mode [null]
2025-02-05T10:30:29.999-06:00 DEBUG 3383 --- [           main] org.springframework.test.context.cache   : Spring test ApplicationContext cache statistics: [DefaultContextCache@13437ce5 size = 1, maxSize = 32, parentContextCount = 0, hitCount = 3, missCount = 1, failureCount = 0]
2025-02-05T10:30:29.999-06:00 DEBUG 3383 --- [           main] org.springframework.test.context.cache   : Spring test ApplicationContext cache statistics: [DefaultContextCache@13437ce5 size = 1, maxSize = 32, parentContextCount = 0, hitCount = 4, missCount = 1, failureCount = 0]
2025-02-05T10:30:30.548-06:00 DEBUG 3383 --- [           main] org.springframework.test.context.cache   : Spring test ApplicationContext cache statistics: [DefaultContextCache@13437ce5 size = 1, maxSize = 32, parentContextCount = 0, hitCount = 5, missCount = 1, failureCount = 0]
2025-02-05T10:30:30.552-06:00 DEBUG 3383 --- [           main] org.springframework.test.context.cache   : Spring test ApplicationContext cache statistics: [DefaultContextCache@13437ce5 size = 1, maxSize = 32, parentContextCount = 0, hitCount = 6, missCount = 1, failureCount = 0]
2025-02-05T10:30:30.552-06:00 DEBUG 3383 --- [           main] org.springframework.test.context.cache   : Spring test ApplicationContext cache statistics: [DefaultContextCache@13437ce5 size = 1, maxSize = 32, parentContextCount = 0, hitCount = 7, missCount = 1, failureCount = 0]
2025-02-05T10:30:30.552-06:00 DEBUG 3383 --- [           main] org.springframework.test.context.cache   : Spring test ApplicationContext cache statistics: [DefaultContextCache@13437ce5 size = 1, maxSize = 32, parentContextCount = 0, hitCount = 8, missCount = 1, failureCount = 0]
2025-02-05T10:30:30.553-06:00 DEBUG 3383 --- [           main] org.springframework.test.context.cache   : Spring test ApplicationContext cache statistics: [DefaultContextCache@13437ce5 size = 1, maxSize = 32, parentContextCount = 0, hitCount = 9, missCount = 1, failureCount = 0]
2025-02-05T10:30:30.554-06:00 DEBUG 3383 --- [           main] org.springframework.test.context.cache   : Spring test ApplicationContext cache statistics: [DefaultContextCache@13437ce5 size = 1, maxSize = 32, parentContextCount = 0, hitCount = 10, missCount = 1, failureCount = 0]
2025-02-05T10:30:30.556-06:00 DEBUG 3383 --- [           main] org.springframework.test.context.cache   : Spring test ApplicationContext cache statistics: [DefaultContextCache@13437ce5 size = 1, maxSize = 32, parentContextCount = 0, hitCount = 11, missCount = 1, failureCount = 0]
2025-02-05T10:30:30.557-06:00 DEBUG 3383 --- [           main] .c.s.DirtiesContextTestExecutionListener : After test method: class [EcommerceSpringBootApplicationTests], method [contextLoads], class annotated with @DirtiesContext [false] with mode [null], method annotated with @DirtiesContext [false] with mode [null]
2025-02-05T10:30:30.557-06:00 DEBUG 3383 --- [           main] o.s.t.c.w.ServletTestExecutionListener   : Resetting RequestContextHolder for test class com.webapp.ecommerce_spring_boot.EcommerceSpringBootApplicationTests
]]></system-out>
  </testcase>
</testsuite>